This is a log of what ranges have been searched using
	elliptical/piezas_in_pairs.py,
	elliptical/brute.py,
	modular/solutions_modular.py .

2/6/2026F
Using piezas_in_pairs
known_to_unknown()
Found new (535607712470322407570378200/918310142223097801006397529, 250530677254015598463660440/918310142223097801006397529, -889106559932545369165762471/918310142223097801006397529) from (95800, 217519, 414560, 422481) with u -1041/320, v 52463/660460
Found new (118194421251475239056505903/123188180833923372056627153, 66491673395168374249746120/123188180833923372056627153, -62831773759131557571594880/123188180833923372056627153) from (2164632, 31669120, 41084175, 44310257) with u -12065/12396, v -84558637/193874100
Found new (46402888024739111034420161/174088703841632292189275073, -92419682545114696981174360/174088703841632292189275073, -170289556324371670328363560/174088703841632292189275073) from (27450160, 108644015, 146627384, 156646737) with u -136/133, v -63528125/85096232
Found new (411177854471028470696556192/504068891841730072306483681, 106958136069417067994530335/504068891841730072306483681, -435117527990435060232042280/504068891841730072306483681) from (39110088360, 49796687200, 71826977313, 76973733409) with u -267904/221337, v -1245/5012

--------------------------
SWITCH TO BRUTE

2/10/2026T
Using brute.py
These calls were back when outer loop on v, inner loop on u:

brute_search(4, 1000, 1, 47, 20, 9)
(1000/47, -9/20) -> d 422481
	known #1: (414560/422481, 95800/422481, 217519/422481)
(1000/47, -9/20) -> d 1679142729
	known #17: (-632671960/1679142729, -1670617271/1679142729, 50237800/1679142729)
uv_count 2181396, D_count 1, big_count 0, knowns 2 : {1, 17}
new_xyz 0
elapsed: 5.9163s

2/11/2026W
datetime.now(); brute_search(4, 1520, 1, 1865, 1520, 1865); datetime.now()
datetime.datetime(2026, 2, 10, 23, 45, 24, 876310)

Found knowns:
#3, #34 with vm 132, vn 1865
#14, #13 with vm 200, vn 1617
#17, #1 with vm 320, vn, 1041
I interrupted after running for 23 hours.

Changed implementation: now outer loop on u, inner loop on v

2/12/2026R
brute_search(4, 20, 1, 29, 1000, 1865)
um 4
um 8
-5/8, -1617/200) -> D 708019737/2560000
	known #14: (630662624/638523249, 275156240/638523249, 219076465/638523249)
	known #13: (-260052385/589845921, -582665296/589845921, -186668000/589845921)
-5/8, -477/692) -> D 64335705/30647296
	known #7: (18796760/20615673, 2682440/20615673, -15365639/20615673)
	known #20: (2448718655/3393603777, -664793200/3393603777, -3134081336/3393603777)
um 12
-29/12, 1865/132) -> D 4566509815/2509056
	known #34: (894416022327/2051764828361, -125777308440/2051764828361, 2032977944240/2051764828361)
	known #3: (-8332208/8707481, -5507880/8707481, -1705575/8707481)
um 16
um 20
-9/20, -1041/320) -> D 2126704839/40960000
	known #17: (1670617271/1679142729, 632671960/1679142729, -50237800/1679142729)
	known #1: (-95800/422481, -414560/422481, -217519/422481)
-9/20, -1425/412) -> D 3894577617/67897600
	known #23: (15355831360/15434547801, 5821981400/15434547801, -140976551/15434547801)
	known #2: (-673865/2813001, -2767624/2813001, -1390400/2813001)
-9/20, 1000/47) -> D 495260031/441800
	known #1: (414560/422481, 95800/422481, 217519/422481)
	known #17: (-632671960/1679142729, -1670617271/1679142729, 50237800/1679142729)
uv_count 201188160, D_count 6, big_count 0
knowns 10: {1, 34, 3, 2, 7, 13, 14, 17, 20, 23}
elapsed: 604.5763s

find_solutions_int(4, 20, 1, 29, 1000, 1865)
(same results but faster)
elapsed: 451.4831s

I don't remember how I made serial faster:
elapsed: 159.8122s

Parallel even faster
python -m elliptical.brute 4 20 1 29 1000 1865  
um 20
um 16
um 12
um 8
um 4
-5/8, -1617/200 -> D 708019737/2560000
	known #14: (630662624/638523249, 275156240/638523249, 219076465/638523249)
	known #13: (-260052385/589845921, -582665296/589845921, -186668000/589845921)
-5/8, -477/692 -> D 64335705/30647296
	known #7: (18796760/20615673, 2682440/20615673, -15365639/20615673)
	known #20: (2448718655/3393603777, -664793200/3393603777, -3134081336/3393603777)
-9/20, -1041/320 -> D 2126704839/40960000
	known #17: (1670617271/1679142729, 632671960/1679142729, -50237800/1679142729)
	known #1: (-95800/422481, -414560/422481, -217519/422481)
-9/20, -1425/412 -> D 3894577617/67897600
	known #23: (15355831360/15434547801, 5821981400/15434547801, -140976551/15434547801)
	known #2: (-673865/2813001, -2767624/2813001, -1390400/2813001)
-9/20, 1000/47 -> D 495260031/441800
	known #1: (414560/422481, 95800/422481, 217519/422481)
	known #17: (-632671960/1679142729, -1670617271/1679142729, 50237800/1679142729)
-29/12, 1865/132 -> D 4566509815/2509056
	known #34: (894416022327/2051764828361, -125777308440/2051764828361, 2032977944240/2051764828361)
	known #3: (-8332208/8707481, -5507880/8707481, -1705575/8707481)
uv_est 229861250, D_count 6, big_count 0
knowns 10: {1, 2, 34, 3, 7, 13, 14, 17, 20, 23}
elapsed: 41.5420s

Tomita discovered

T33167_11 Tomita (2026) inx=24
11760180305,
16755328840,
32474980432,
33_167_450_193

T25590_23 Tomita (2026), inx=76
8287230451734009331960,
20438810636735325753008,
22351929166599440578295,
25_590_155_429_668_179_258_633

T33467_23 Tomita (2026), inx=77
5488204013778687062297,
16314446963319764510840,
32977945722604490646760,
33_467_087_559_518_926_108_953

2/16/2026M
V count 1275, D_count 98, big_count 108, known_count 88
python -m elliptical.brute known_v_to_brute_u_p 2001 10_000  69224.83s user 52.67s system 796% cpu 2:24:57.87 total

2/17/2026T
python -m elliptical.brute known_v_to_brute_u_p 10_001 25_000
V count 1263, D_count 75, big_count 72, known_count 78

2/18/2026W
time python -m elliptical.brute known_v_to_brute_u_p 25_001 40_000; date
V count 1258, D_count 30, big_count 36, known_count 24
cpu 25:36:28.60 

2/19/2026R
python -m elliptical.brute known_v_to_brute_u_p 40_001 55_000; date
I interrupted it when it was down in the 35_000 range because I forgot
that it had to do that quardrant. 
Will have to temporarly modify the code to just rerun that quadrant.

Run just remainder quadrant
python -m elliptical.brute known_v_to_brute_u_p 40_001 55_000; date
V count 1255, D_count 0, big_count 0, known_count 0

2/20/2026F
% time python -m elliptical.brute make_uv_table 12_000_000 100_000_000
big_v_set has 1723
even parts 1720 up to 4.33e+77
odd parts 1722 up to 4.29e+76
2840930576 191
cpu 32:04.23 total

2/21/2026Sa
python -m elliptical.brute known_v_to_brute_u_p 55_001 65_000; date
V count 1254, D_count 4, big_count 4, known_count 4
~32.5hr

2/23/2026M
date; python -m elliptical.brute known_v_to_brute_u_p 65_001 75_000; date
V count 1254, D_count 0, big_count 0, known_count 0
~15hr

---------------------------
SWITCH TO MODULAR
4/16/2026R
Using solutions_modular.py
Search un to 1e4, v to 1e8
find_uvD_pts(first_ud: int, last_ud: int, first_un: int, last_un: int,
        max_pt: int=int(1e8)
date; python -m modular.solutions_modular find_uvD_pts 200 200 1 2_000 100_000; date
Thu Apr 16 07:14:03 MDT 2026
<function find_uvD_pts at 0x155cbfec0>
-1617/200, -5/8 -> D 708019737/2560000
	known #13: (186668000/589845921, 582665296/589845921, 260052385/589845921)
	known #14: (-219076465/638523249, -275156240/638523249, -630662624/638523249)
-1617/200, -34272/4885 -> D 2365840162968393/477264500000
	known #14: (275156240/638523249, 219076465/638523249, 630662624/638523249)
	known #13: (-582665296/589845921, -186668000/589845921, -260052385/589845921)
1873/200, -51416/9425 -> D 4964755565640087/1776612500000
	known #41: (487814048600/26969608212297, 8528631804200/26969608212297, 26901926181047/26969608212297)
	known #52: (-103028409596553328/103117303193818953, 24975412054750025/103117303193818953, -4092004076331400/103117303193818953)
hits: u 149, D 3, big 0, known 6
knowns 4: [13, 14, 41, 52]
elapsed: 24.4825s
Thu Apr 16 07:14:30 MDT 2026

4/19/2026Su
% date; python -m modular.solutions_modular find_uvD_pts 4 4 1 1000 1_000_000; date
Sun Apr 19 08:46:58 MDT 2026
hits: u 375, D 2, big 0, known 4
knowns 2: [5, 12]
elapsed: 5410.0582s
Sun Apr 19 10:17:11 MDT 2026
 
date; python -m modular.solutions_modular find_uvD_pts 8 8 1 1000 1_000_000; date
Sun Apr 19 08:47:48 MDT 2026
hits: u 367, D 8, big 0, known 16
knowns 7: [7, 13, 14, 20, 36, 49, 50]
elapsed: 5191.9922s
Sun Apr 19 10:14:22 MDT 2026

date; python -um modular.solutions_modular find_uvD_pts 12 12 1 1000 1_000_000; date
Sun Apr 19 08:49:08 MDT 2026
hits: u 377, D 4, big 0, known 8
knowns 3: [3, 35, 44]
elapsed: 6366.3668s
Sun Apr 19 10:35:17 MDT 2026

Repeat with smarter search but takes longer. Why? Try parallel? Bigger v numerator?
Sun Apr 19 22:32:24 MDT 2026
date; python -m modular.solutions_modular find_uvD_pts 4 4 1 1000 1_000_000; date
hits: u 1992, D 2, big 0, known 4
knowns 2: [5, 12]
elapsed: 5:49:26.155442
date; python -m modular.solutions_modular find_uvD_pts 8 8 1 1000 1_000_000; date
hits: u 1982, D 8, big 0, known 16
knowns 7: [7, 13, 14, 20, 36, 49, 50]
elapsed: 5:35:40.853622
date; python -um modular.solutions_modular find_uvD_pts 12 12 1 1000 1_000_000; date
hits: u 1316, D 4, big 0, known 8
knowns 3: [3, 35, 44]
elapsed: 6:50:18.048153
date; python -um modular.solutions_modular find_uvD_pts 16 16 1 1000 1_000_000; date
hits: u 1966, D 0, big 0, known 0
knowns 0: []
elapsed: 5:43:42.216302

4/20/2026M
date; python -um modular.solutions_modular find_uvD_pts 20 20 1 1_000 1_000_000; date
hits: u 1566, D 8, big 0, known 16
knowns 6: [1, 2, 17, 23, 43, 47]
elapsed: 8:14:33.002989

date; python -um modular.solutions_modular find_uvD_pts 24 24 1 1_000 1_000_000; date
date; python -um modular.solutions_modular find_uvD_pts 28 28 1 1_000 1_000_000; date
date; python -um modular.solutions_modular find_uvD_pts 32 32 1 1_000 1_000_000; date
date; python -um modular.solutions_modular find_uvD_pts 36 36 1 1_000 1_000_000; date
date; python -um modular.solutions_modular find_uvD_pts 40 40 1 1_000 1_000_000; date
44, 48, 52 None 1_000 1_000_000
56 hits: u 1614, D 2, big 0, known 4
	knowns 3: [33, 62, 69]
60 hits: u 41, D 2, big 0, known 4
	knowns 3: [22, 53, 63]
64, 68 None  1_000 1_000_000
72 hits: u 51, D 0, big 0, known 0
	elapsed: 0:37:35.847498
date; python -um modular.solutions_modular find_uvD_pts 76 76 1 1_000 1_000_000; date
elapsed: 0:17:07.871275
date; python -um modular.solutions_modular find_uvD_pts 80 80 1 1_000 1_000_000; date
hits: u 80, D 5, big 0, known 10
knowns 5: [4, 18, 21, 48, 72]
elapsed: 1:14:22.272912
84, 88 None 1_000 1_000_000

v_list = find_uv_by_EC(QQ(-5/44), QQ(57878913)/12642040, verbose=True)
t = (0 : 1 : 0), v = 57878913/12642040
t = (17248666 : 0 : 1), v = -2741924904/1401894085
Found 3 basis gens
Found 686 unique points from 686
solve_v_list(QQ(-5/44), v_list)
u -5/44, v 57878913/12642040 -> D 5531870046610133823/309413795500057600, w -2741924904/1401894085
	known #55: 2778996090487120353
	known #57: 20234461127553384633
u -5/44, v -2741924904/1401894085 -> D 23991720392148150390351/1902417200740131633800, w 57878913/12642040
	known #57: 20234461127553384633
	known #55: 2778996090487120353
u -5/44, v 4669000304/944254963 -> D 21065022021985851014775/863085677225327165192, w -117620301817/53219719132
	known #66: 3037467718844497770129
	known #74: 24504057146788194291849
big 0, known 6
knowns 4: [55, 57, 66, 74]

4/21/2026T
date; python -um modular.solutions_modular find_uvD_pts 92 92 1 2_000 2_000_000; date
hits: u 34, D 2, big 0, known 4
knowns 2: [27, 40]
elapsed: 1:11:14.235699

date; python -um modular.solutions_modular find_uvD_pts 136 136 1 2_000 2_000_000; date
hits: u 43, D 3, big 0, known 6
knowns 3: [5, 12, 79]
elapsed: 0:58:13.146817

4/22/2026W
date; python -um modular.solutions_modular find_uvD_pts 96 128 1 2_000 2_000_000; date
None

TITO SPECIAL
date; python -um modular.solutions_modular find_uvD_pts 132 132 1 2_000 10_000_000; date
Searching for pts on 35/132 quartic
Searching for pts on -35/132 quartic
Searching for pts on -115/132 quartic
Searching for pts on -119/132 quartic
Searching for pts on -217/132 quartic
Searching for pts on -305/132 quartic
Searching for pts on -325/132 quartic
Searching for pts on -505/132 quartic
Searching for pts on -835/132 quartic
Searching for pts on 1025/132 quartic
Searching for pts on -1025/132 quartic
Searching for pts on 1033/132 quartic
Searching for pts on -1075/132 quartic
Searching for pts on 1081/132 quartic
Searching for pts on -1085/132 quartic
Searching for pts on -1225/132 quartic
Searching for pts on -1255/132 quartic
Searching for pts on 1345/132 quartic
Searching for pts on -1345/132 quartic
Searching for pts on -1465/132 quartic
Searching for pts on 1505/132 quartic
Searching for pts on 1615/132 quartic
Searching for pts on 1805/132 quartic
Searching for pts on 1865/132 quartic
1865/132, -29/12 -> D 4566509815/2509056, w -30768/57253 -> #3, #35
1865/132, -30768/57253 -> D 1970587937542585/4079588164344, w -29/12 -> #35, #3
1865/132, 103611/244444 -> D 129532591043554745/1041133991825664,
	w 810062992/128701299 -> big 1.0019e+28, #3
Searching for pts on -1865/132 quartic
Searching for pts on 1933/132 quartic
Searching for pts on -1985/132 quartic
hits: u 36, D 3, big 1, known 5
knowns 2: [3, 35]
elapsed: 1 day, 14:31:13.492776

TITO SPECIAL
date; python -um modular.solutions_modular find_uvD_pts 5012 5012 1 6_000 10_000_000; date
Searching for pts on 165/5012 quartic
Searching for pts on -165/5012 quartic
Searching for pts on 321/5012 quartic
Searching for pts on 435/5012 quartic
Searching for pts on -435/5012 quartic
Searching for pts on -555/5012 quartic
Searching for pts on 585/5012 quartic
Searching for pts on -585/5012 quartic
Searching for pts on 715/5012 quartic
Searching for pts on -897/5012 quartic
Searching for pts on -1005/5012 quartic
Searching for pts on -1245/5012 quartic
-1245/5012, 248521/62784 -> D 208445266940805505/99019353702334464,
	w -1076148712/938755461 -> #28, #92
-1245/5012, -267904/221337 -> D 2252317127132864545/615318775951504968,
	w 3836981501/942570804 -> #99, #28
Searching for pts on 1371/5012 quartic
Searching for pts on -1815/5012 quartic
Searching for pts on -2097/5012 quartic
Searching for pts on -2165/5012 quartic
Searching for pts on -2229/5012 quartic
Searching for pts on 2253/5012 quartic
Searching for pts on 2295/5012 quartic
Searching for pts on -2295/5012 quartic
Searching for pts on 2335/5012 quartic
Searching for pts on 2425/5012 quartic
Searching for pts on -2697/5012 quartic
Searching for pts on 2803/5012 quartic
Searching for pts on 2895/5012 quartic
Searching for pts on -2895/5012 quartic
Searching for pts on -3515/5012 quartic
Searching for pts on -3735/5012 quartic
Searching for pts on -4029/5012 quartic
Searching for pts on -4425/5012 quartic
Searching for pts on -5175/5012 quartic
Searching for pts on -5295/5012 quartic
Searching for pts on -5297/5012 quartic
Searching for pts on -5625/5012 quartic
Searching for pts on -5685/5012 quartic
Searching for pts on -5805/5012 quartic
hits: u 54, D 2, big 0, known 4
elapsed: 1 day, 6:55:26.835680

date; python -um modular.solutions_modular find_uvD_pts 140 180 1 2_000 2_000_000; date
None

date; python -um modular.solutions_modular find_uvD_pts 184 184 1 3_000 4_000_000; date
hits: u 82, D 2, big 1, known 3
knowns 2: [31, 71]
elapsed: 7:12:52.327956

1/23/2026R
date; python -um modular.solutions_modular find_uvD_pts 188 196 1 3_000 3314, _000_000; date
None

date; python -um modular.solutions_modular find_uvD_pts 200 200 1 3_000 3_000_000; date
u -1617/200, v -5/8 -> D 708019737/2560000, w -34272/4885 -> #13,  #14
u -1617/200, v -34272/4885 -> D 2365840162968393/477264500000, w -5/8 -> #13
u 1873/200, v -51416/9425 -> D 4964755565640087/1776612500000, w -3599825/50036084 -> #41, #52
hits: u 189, D 3, big 0, known 6
knowns 4: [13, 14, 41, 52]
elapsed: 11:25:58.879198


RERUN EARLY STUFF AFTER FIND POSSIBLY MISSING POINTS ON -D2

date; python -um modular.solutions_modular find_uvD_pts 4 4 1 1_000 1_000_000; date
hits: u 29, D 2, big 0, known 4
knowns 2: [5, 12]
elapsed: 0:30:31.594655
date; python -um modular.solutions_modular find_uvD_pts 8 8 1 1_000 1_000_000; date
hits: u 48, D 8, big 0, known 16
knowns 7: [7, 13, 14, 20, 36, 49, 50]
elapsed: 0:44:23.511836
date; python -um modular.solutions_modular find_uvD_pts 12 12 1 1_000 1_000_000; date
hits: u 24, D 4, big 0, known 8
knowns 3: [3, 35, 44]
elapsed: 0:45:47.954940
date; python -um modular.solutions_modular find_uvD_pts 16 16 1 1_000 1_000_000; date
hits: u 40, D 0, big 0, known 0
knowns 0: []
elapsed: 0:36:34.176441
date; python -um modular.solutions_modular find_uvD_pts 20 20 1 1_000 1_000_000; date
hits: u 49, D 8, big 0, known 16
knowns 6: [1, 2, 17, 23, 43, 47]
elapsed: 1:15:29.700642
date; python -um modular.solutions_modular find_uvD_pts 24 32 1 1_000 1_000_000; date
None

THE RERUN DID NOT TRIGGER ALERT FOR -D2 ON PIEZAS SEARCH
BUT IT DID ON SOME ELKIES/TOMITA SEARCHES.
IT SEEMS THAT THE RESULTS ARE ONLY ON D2 OR ONLY ON -D2.
SO MAKE SEARCH CONDITIONAL ON WHETHER A BRANCH TAKES LONGER OR FINDS ANYTHING.
SO ASSUME D2 WORKS ON PIEZAS SEARCH
AND CONTINUE WHAT I WAS DOING EARLIER TODAY.

4/24/2026F
Since -5/16 has Elkies solutions for -5/8, so try Piezas on 16/-5
u = QQ(16/-5)
poly = u_to_quartic(u)
165956/625*v^4 - 634384/625*v^3 + 152576/125*v^2 - 1960928/625*v + 495824/625
abcd7=(2_682_440, 15_365_639, 18_796_760, 20_615_673)
abcd13=(186_668_000, 260_052_385, 582_665_296, 589_845_921)
abcd14=(219_076_465, 275_156_240, 630_662_624, 638_523_249)
abcd20=(664_793_200, 2_448_718_655, 3_134_081_336, 3_393_603_777)
l7 = abcd_to_small_u(abcd7,9e99)
[abs(poly(z0)).is_square() for z0 in l7]
[False, False, False, False, False, False, False, False, False, False, False, False]
Same for l13, l14, l20.
python -um modular.solutions_modular get_quartic_pts 16/-5 20_000_000
[]	2431.26s user 4.05s system 99% cpu 40:46.61 total
python -um modular.solutions_modular get_quartic_pts 16/-5 30_000_000
[]  5304.27s user 21.89s system 98% cpu 1:30:24.81 total

date; python -um modular.solutions_modular find_uvD_pts 320 320 1 3_000 3_000_000; date
hits: u 173, D 4, big 0, known 8
knowns 5: [1, 17, 45, 86, 100]
elapsed: 19:32:56.580240

4/25/2026Sa
date; python -um modular.solutions_modular find_uvD_pts 324 336 1 3_000 3_000_000; date
None

4/26/2026Su
date; python -um modular.solutions_modular find_uvD_pts 340 340 14337 14337 1_000_000; date
hits: u 1, D 2, big 0, known 4
knowns 2: [25, 46]
date; python -um modular.solutions_modular find_uvD_pts 340 340 1 3_000 3_000_000; date
None

date; python -um modular.solutions_modular find_uvD_pts 204 236 1 3_000 3_000_000; date
None

date; python -um modular.solutions_modular find_uvD_pts 400 400 1 3_000 3_000_000; date
u -400/37, v -93/80 -> D 2960618799/4380800, w -2433/920
	known #18: 1787882337
	known #4: 12197457
u -400/37, v -2433/920 -> D 985189443879/579360800, w -93/80
	known #4: 12197457
	known #18: 1787882337
u -400/37, v 1867333/457280 -> D 95709808648545921/143132371404800, w 8685847/22963880
	known #4: 12197457
	known #84: 1779979592349189232414713
u -97/400, v 78065/484 -> D 2352959771684697/37480960000, w -61583704/7959505
	known #51: 87486470529871881
	known #37: 6014017311081
hits: u 48, D 5, big 0, known 8
knowns 5: [4, 18, 37, 51, 84]
elapsed: 5:44:27.294309

4/27/2026M
date; python -um modular.solutions_modular find_uvD_pts 404 408 1 3_000 3_000_000; date
None

date; python -um modular.solutions_modular find_uvD_pts 412 412 1 3_000 3_000_000; date
u -1425/412, v -9/20 -> D 3894577617/67897600, w 5728/215
	known #2: 2813001
	known #23: 15434547801
u -1425/412, v 5728/215 -> D 47763328987689/3923208200, w -9/20
	known #23: 15434547801
	known #2: 2813001
u -1425/412, v 105512/1038385 -> D 2396161589040305199/91512674542872200, w 134815113/29587760
	known #2: 2813001
	big 1.2629e+28
hits: u 30, D 3, big 1, known 5
knowns 2: [2, 23]
elapsed: 3:10:17.978092

See more notes on this triple in modular.log
date; python -um modular.solutions_modular find_uvD_pts 432 432 1 3_000 3_000_000; date
^C None
date; python -um modular.solutions_modular find_uvD_pts 432 432 12_001 13_000 3_000_000; date
u 12185/432, v 22529/2988 -> D 43926422197788185/1666205945856, w 79416/247889
	known #6: 16430513
	known #61: 202540855134365138633
u 12185/432, v 79416/247889 -> D 5048895759796640345/5733925012225152, w 22529/2988
	known #61: 202540855134365138633
	known #6: 16430513
u 12185/432, v -282584/755289 -> D 103397566795105951865/53230901017191552, w -7683273/1866844
	known #98: 452835938257547709708389177
	known #6: 16430513
hits: u 22, D 3, big 0, known 6
knowns 3: [6, 61, 98]
elapsed: 2:36:03.243418

4/28/2026W
date; python -um modular.solutions_modular find_uvD_pts 416 428 1 3_000 3_000_000; date
hits: u 310, D 0, big 0, known 0
elapsed: 1 day, 14:19:59.871841

4/30.2026R
date; python -um modular.solutions_modular find_uvD_pts 244 316 1 3_000 3_000_000; date
hits: u 1380, D 0, big 0, known 0
elapsed: 6 days, 7:42:01.958859

I don't have to be very aggressive on v to find the first v.
Better to find one moderate v and search higher on odd part of u.
Also even part of u at multiples of 40 more likely to get hits.
date; python -um modular.solutions_modular find_uvD_pts 40 40 1_001 20_000 1_000_000; date
hits: u 740, D 0, big 0, known 0
knowns 0: []
elapsed: 17:12:31.213652

date; python -um modular.solutions_modular find_uvD_pts 80 80 1_001 20_000 1_000_000; date
hits: u 769, D 0, big 0, known 0
elapsed: 17:49:40.531305

TITO SPECIAL
date; python -um modular.solutions_modular find_uvD_pts 936 936 1 6_000 10_000_000; date
Searching for pts on -936/1715 quartic ^C
date; python -um modular.solutions_modular find_uvD_pts 936 936 1715 6_000 10_000_000; date
u -936/5281, v -125/92 -> D 514986989385/118026082952, w 1717941/427352
	known #27: 64244765937
	known #40: 25866132798297
u -936/5281, v 1717941/427352 -> D 17133630011513684625/2546676735255555872, w -125/92
	known #40: 25866132798297
	known #27: 64244765937
hits: u 128, D 2, big 0, known 4
knowns 2: [27, 40]
elapsed: 6 days, 18:31:21.579743

date; python -um modular.solutions_modular find_uvD_pts 200 200 3_001 20_000 1_000_000; date
hits: u 643, D 0, big 0, known 0
elapsed: 14:40:55.043204

date; python -um modular.solutions_modular find_uvD_pts 160 160 2_001 20_000 1_000_000; date
hits: u 737, D 0, big 0, known 0
elapsed: 16:49:36.616061

5/1/2026F
date; python -um modular.solutions_modular find_uvD_pts 344 396 1 3_000 3_000_000; date
hits: u 1055, D 0, big 0, known 0
elapsed: 4 days, 17:53:40.967161

TITO SPECIAL
date; python -um modular.solutions_modular find_uvD_pts 240 240 1 2_000 10_000_000; date
Searching for pts on -240/851 quartic ^C
date; python -um modular.solutions_modular find_uvD_pts 240 240 851 2_000 10_000_000; date
u 1861/240, v -361/540 -> D 2085707016991/16796160000, w -7800/5509
	known #32: 1059621884297
	known #11: 145087793
u 1861/240, v -7800/5509 -> D 196093483982071/874053532800, w -361/540
	known #11: 145087793
	known #32: 1059621884297
hits: u 99, D 2, big 0, known 4
knowns 2: [11, 32]
elapsed: 7 days, 12:44:30.904334

Tito 240 as multiple of 80
date; python -um modular.solutions_modular find_uvD_pts 120 120 2_001 20_000 1_000_000; date
hits: u 892, D 0, big 0, known 0
knowns 0: []
elapsed: 1 day, 1:06:47.270246

Tito extend
date; python -um modular.solutions_modular find_uvD_pts 132 132 2_001 20_000 1_000_000; date
hits: u 218, D 0, big 0, known 0
elapsed: 5:51:09.492982

Mult 16
date; python -um modular.solutions_modular find_uvD_pts 16 16 1_001 20_000 1_000_000; date
hits: u 320, D 0, big 0, known 0
elapsed: 5:39:34.042193

Mult 16
date; python -um modular.solutions_modular find_uvD_pts 32 32 1_001 20_000 1_000_000; date
hits: u 317, D 0, big 0, known 0
elapsed: 5:32:34.316349

Mult 80 extend
date; python -um modular.solutions_modular find_uvD_pts 400 400 3_001 20_000 1_000_000; date
hits: u 651, D 0, big 0, known 0
elapsed: 15:01:57.585568

Mult 80 extend
date; python -um modular.solutions_modular find_uvD_pts 320 320 3_001 20_000 1_000_000; date
hits: u 665, D 0, big 0, known 0
elapsed: 15:25:58.194892

Mult 16
date; python -um modular.solutions_modular find_uvD_pts 48 48 1001 20_000 1_000_000; date
hits: u 455, D 0, big 0, known 0
elapsed: 9:45:14.013085

Mult 16
date; python -um modular.solutions_modular find_uvD_pts 64 64 1001 20_000 1_000_000; date
hits: u 364, D 0, big 0, known 0
elapsed: 6:14:19.865936

Mult 16
date; python -um modular.solutions_modular find_uvD_pts 128 128 2001 20_000 1_000_000; date
hits: u 339, D 0, big 0, known 0
elapsed: 5:57:17.895224

Mult 16
date; python -um modular.solutions_modular find_uvD_pts 112 112 2001 20_000 1_000_000; date
hits: u 364, D 0, big 0, known 0
elapsed: 6:22:20.063662

Mult 16
date; python -um modular.solutions_modular find_uvD_pts 96 96 2001 20_000 1_000_000; date
hits: u 381, D 0, big 0, known 0
elapsed: 8:23:26.774510

Mult 16
date; python -um modular.solutions_modular find_uvD_pts 144 144 2001 20_000 1_000_000; date
hits: u 407, D 0, big 0, known 0
elapsed: 8:38:35.222785

5/2/2026Sa
Mult 16
date; python -um modular.solutions_modular find_uvD_pts 176 176 2001 20_000 1_000_000; date
hits: u 343, D 0, big 0, known 0
elapsed: 6:05:53.937959

Mult 16
date; python -um modular.solutions_modular find_uvD_pts 208 208 3001 20_000 1_000_000; date
hits: u 358, D 0, big 0, known 0
elapsed: 6:29:49.319721

Mult 16
date; python -um modular.solutions_modular find_uvD_pts 224 224 3001 20_000 1_000_000; date
hits: u 330, D 0, big 0, known 0
elapsed: 5:41:44.625526

Mult 16
date; python -um modular.solutions_modular find_uvD_pts 272 272 3001 20_000 1_000_000; date
hits: u 282, D 0, big 0, known 0
elapsed: 4:37:21.268413

Mult 16
date; python -um modular.solutions_modular find_uvD_pts 256 256 3001 20_000 1_000_000; date
hits: u 273, D 0, big 0, known 0
knowns 0: []
elapsed: 4:34:46.734321

Mult 16
date; python -um modular.solutions_modular find_uvD_pts 192 192 3001 20_000 1_000_000; date
hits: u 353, D 0, big 0, known 0
knowns 0: []
elapsed: 8:06:20.712800

Mult 16
date; python -um modular.solutions_modular find_uvD_pts 288 288 3001 20_000 1_000_000; date
hits: u 376, D 0, big 0, known 0
elapsed: 7:42:27.293009

Mult 16
date; python -um modular.solutions_modular find_uvD_pts 304 304 3001 20_000 1_000_000; date
hits: u 301, D 0, big 0, known 0
elapsed: 5:20:19.797682

Mult 16
date; python -um modular.solutions_modular find_uvD_pts 336 336 3001 20_000 1_000_000; date
hits: u 461, D 0, big 0, known 0
elapsed: 9:47:11.803204

Mult 16
date; python -um modular.solutions_modular find_uvD_pts 352 352 3001 20_000 1_000_000; date
hits: u 335, D 0, big 0, known 0
elapsed: 5:47:21.101931

Mult 16
date; python -um modular.solutions_modular find_uvD_pts 368 368 3001 20_000 1_000_000; date
hits: u 303, D 0, big 0, known 0
elapsed: 5:23:06.282563

Mult 16
date; python -um modular.solutions_modular find_uvD_pts 384 384 3001 20_000 1_000_000; date
hits: u 372, D 0, big 0, known 0
elapsed: 8:04:25.262178

Mult 16
date; python -um modular.solutions_modular find_uvD_pts 416 416 1 20_000 1_000_000; date
hits: u 483, D 0, big 0, known 0
elapsed: 8:37:29.359050

Mult 16
date; python -um modular.solutions_modular find_uvD_pts 432 432 3001 12_000 1_000_000; date
hits: u 214, D 0, big 0, known 0
elapsed: 4:51:45.359616
date; python -um modular.solutions_modular find_uvD_pts 432 432 12_003 20_000 1_000_000; date
u 12185/432, v 22529/2988 -> D 43926422197788185/1666205945856, w 79416/247889
	known #6: 16430513
	known #61: 202540855134365138633
u 12185/432, v 79416/247889 -> D 5048895759796640345/5733925012225152, w 22529/2988
	known #61: 202540855134365138633
	known #6: 16430513
u 12185/432, v -282584/755289 -> D 103397566795105951865/53230901017191552, w -7683273/1866844
	known #98: 452835938257547709708389177
	known #6: 16430513
hits: u 154, D 3, big 0, known 6
knowns 3: [6, 61, 98]
elapsed: 3:12:04.480840
Part of this duplicates previous search.

Mult 16
date; python -um modular.solutions_modular find_uvD_pts 464 464 1 20_000 1_000_000; date
hits: u 402, D 0, big 0, known 0
elapsed: 6:56:29.690042

5/3/2026Su
TITO SPECIAL
date; python -um modular.solutions_modular find_uvD_pts 1520 1520 1 6_000 10_000_000; date
Searching for pts on -1377/1520 quartic ^C
date; python -um modular.solutions_modular find_uvD_pts 1520 1520 1377 6_000 10_000_000; date
u -1581/1520, v -817/660 -> D 23439166132879/1006410240000, w 8583400/714723
	known #8: 44310257
	known #56: 10816708329115215113
u -1581/1520, v -12065/12396 -> D 6215830249009663/355017949286400, w 151241432/18609075
	known #8: 44310257
	known #81: 864745895259187110399737
hits: u 168, D 2, big 0, known 4
knowns 3: [8, 56, 81]
elapsed: 9 days, 14:20:52.707012

Mult 16
date; python -um modular.solutions_modular find_uvD_pts 448 448 1 20_000 1_000_000; date
hits: u 390, D 0, big 0, known 0
elapsed: 7:06:44.564794

Mult 16
date; python -um modular.solutions_modular find_uvD_pts 496 496 1 20_000 1_000_000; date
hits: u 369, D 0, big 0, known 0
elapsed: 6:37:03.348146

Odd mult 8
date; python -um modular.solutions_modular find_uvD_pts 8 8 1001 20_000 1_000_000; date
hits: u 349, D 0, big 0, known 0
elapsed: 6:06:41.552245

Odd mult 8
date; python -um modular.solutions_modular find_uvD_pts 24 24 1001 20_000 1_000_000; date
hits: u 446, D 0, big 0, known 0
elapsed: 9:54:06.876043

Odd mult 8
date; python -um modular.solutions_modular find_uvD_pts 56 56 1001 20_000 1_000_000; date
hits: u 386, D 0, big 0, known 0
elapsed: 7:11:27.516615

Odd mult 8
date; python -um modular.solutions_modular find_uvD_pts 72 72 1001 20_000 1_000_000; date
hits: u 473, D 0, big 0, known 0
elapsed: 10:19:42.199253

Odd mult 8
date; python -um modular.solutions_modular find_uvD_pts 136 136 2001 20_000 1_000_000; date
hits: u 273, D 0, big 0, known 0
elapsed: 4:33:02.670629

Odd mult 8
date; python -um modular.solutions_modular find_uvD_pts 88 88 1001 20_000 1_000_000; date
hits: u 375, D 0, big 0, known 0
elapsed: 7:01:01.754591

Odd mult 8
date; python -um modular.solutions_modular find_uvD_pts 152 152 2001 20_000 1_000_000; date
hits: u 340, D 0, big 0, known 0
elapsed: 6:14:25.077974

Odd mult 8
date; python -um modular.solutions_modular find_uvD_pts 104 104 2001 20_000 1_000_000; date
hits: u 399, D 0, big 0, known 0
elapsed: 7:35:38.658812

Odd mult 8
date; python -um modular.solutions_modular find_uvD_pts 40 40 1001 20_000 1_000_000; date
hits: u 740, D 0, big 0, known 0
elapsed: 17:20:58.293652

Odd mult 8
date; python -um modular.solutions_modular find_uvD_pts 184 184 3001 20_000 1_000_000; date
hits: u 308, D 0, big 0, known 0
elapsed: 5:52:01.155968

Odd mult 8
date; python -um modular.solutions_modular find_uvD_pts 168 168 2001 20_000 1_000_000; date
hits: u 491, D 0, big 0, known 0
elapsed: 10:46:46.940641


FOUND 3 NEW SOLUTONS
Odd mult 8
date; python -um modular.solutions_modular find_uvD_pts 280 280 3001 20_000 1_000_000; date
u 7493/280, v -327232/422485 -> D 15839925170104660833/6996948148820000, w -2837463545/1344270488
NEW 7493/280, -327232/422485 -> 219813483369; 213248725865, 127775447744, 17410908560
hits: u 210, D 1, big 0, known 0
elapsed: 4:51:11.242962
(7493/280, -327232/422485, (17410908560/219813483369, 213248725865/219813483369, 127775447744/219813483369))
Sun May  3 19:02:11 MDT 2026

v_list = find_uv_by_EC(QQ(7493)/280, QQ(-327232)/422485, 5, verbose=True) 
t = (0 : 1 : 0), v = -327232/422485
t = (-2839000378487174 : 0 : 1), v = -2837463545/1344270488
 effort 3, rank [3, 3, 2], 2 gens
 effort 3, rank [1, 3, 2], 3 gens
 effort 4, rank [3, 3, 2], 4 gens
 effort 5, rank [3, 3, 2], 4 gens
Root (-2839000378487174 : 0 : 1) is a torsion point
Found 2 basis gens
g = (2540783294472348 : 280254721419580323650418 : 1), v = 210240/509509
g = (11982867897600916384994544392364075354/53203866953074645080625 : 2610628900122476980120589137093064073176982830524518359808/12271984501392536264033587150515625 : 1), v = 540301860575866430710802261232216490776548572670056747135071/6664459758662168270731611093373790459171440673692625911575320
Found 242 unique points from 242
solve_v_list(QQ(7493)/280, v_list)
u 7493/280, v -327232/422485 -> D 15839925170104660833/6996948148820000, w -2837463545/1344270488
	known #29: 219813483369
NEW 7493/280, -327232/422485 -> 101929436101862460159831249; 94766472054667562758040785, 71941209765337292161720624, 26659234863039080957744320
big 0, known 1
knowns 1: [29]
(7493/280, -327232/422485, (-71941209765337292161720624/101929436101862460159831249, -26659234863039080957744320/101929436101862460159831249, -94766472054667562758040785/101929436101862460159831249))
Put that into known table and discover 3rd:
solve_v_list(QQ(7493)/280, v_list)
u 7493/280, v -327232/422485 -> D 15839925170104660833/6996948148820000, w -2837463545/1344270488
	known #29: 219813483369
	known #95: 101929436101862460159831249
u 7493/280, v 210240/509509 -> D 5042996609434376001/10176297306375200, w 3591293097/645001640
	known #29: 219813483369
NEW 7493/280, 210240/509509 -> 553159406891791612332258969; 529615238960769406475597465, 347031293687953323957873344, 145447476353209425394611920
big 0, known 3
knowns 2: [29, 95]
abcd_to_h_u((213248725865, 127775447744, 17410908560, 219813483369))
[(7493, 7493/280), (422485, -327232/422485), (509509, 210240/509509), 
 (33926613, 33926613/3591400), (2837463545, -2837463545/1344270488), 
 (3591293097, 3591293097/645001640), (10123638830505, -10123638830505/7068249341608), 
 (14381269353817, 14381269353817/1736514935960), 
 (1476615284320925, -168609014461872/1476615284320925), 
 (63128645632072205, -63128645632072205/24089107578481568), 
 (160950294373104669, 160950294373104669/33504147744089120), 
 (5679507376921957645, -1754442935420175952/5679507376921957645)]
v_list = find_uv_by_EC(QQ(7493)/280, QQ(210240)/509509, 5, verbose=True)
solve_v_list(QQ(7493)/280, v_list)
big 0, known 8
knowns 3: [29, 95, 102]
abcd_to_h_u((26_659_234_863_039_080_957_744_320, 71_941_209_765_337_292_161_720_624, 94_766_472_054_667_562_758_040_785, 101_929_436_101_862_460_159_831_249))
[(7493, 7493/280), (422485, -327232/422485), (2837463545, -2837463545/1344270488), ...]

Odd mult 8; Continue after new at 7493/280
date; python -um modular.solutions_modular find_uvD_pts 280 280 7493 7493 1_000_000; date
u 7493/280, v -327232/422485 -> D 15839925170104660833/6996948148820000, w -2837463545/1344270488
	known #29: 219813483369
	known #95: 101929436101862460159831249
u 7493/280, v 210240/509509 -> D 5042996609434376001/10176297306375200, w 3591293097/645001640
	known #29: 219813483369
	known#102: 553159406891791612332258969
hits: u 1, D 2, big 0, known 4
knowns 3: [29, 95, 102]
elapsed: 0:01:44.298365
date; python -um modular.solutions_modular find_uvD_pts 280 280 7495 20_000 1_000_000; date
hits: u 547, D 0, big 0, known 0
elapsed: 12:30:31.044741

Odd mult 8
date; python -um modular.solutions_modular find_uvD_pts 296 296 3001 20_000 1_000_000; date
hits: u 282, D 0, big 0, known 0
elapsed: 4:44:31.112180

Odd mult 8
date; python -um modular.solutions_modular find_uvD_pts 232 232 3001 20_000 1_000_000; date
hits: u 341, D 0, big 0, known 0
elapsed: 6:19:11.070211

5/4/2026M
Mult 80
date; python -um modular.solutions_modular find_uvD_pts 480 480 1 20_000 1_000_000; date
hits: u 1119, D 0, big 0, known 0
elapsed: 1 day, 6:38:45.228525

Odd mult 8
date; python -um modular.solutions_modular find_uvD_pts 264 264 3001 20_000 1_000_000; date
hits: u 403, D 0, big 0, known 0
elapsed: 8:40:41.126385

Odd mult 8
date; python -um modular.solutions_modular find_uvD_pts 312 312 3001 20_000 1_000_000; date
hits: u 468, D 0, big 0, known 0
elapsed: 10:31:37.329038

Odd mult 8
date; python -um modular.solutions_modular find_uvD_pts 328 328 3001 20_000 1_000_000; date
hits: u 273, D 0, big 0, known 0
elapsed: 4:57:31.564104

Odd mult 8
date; python -um modular.solutions_modular find_uvD_pts 344 344 3001 20_000 1_000_000; date
hits: u 298, D 0, big 0, known 0
elapsed: 5:20:48.257649

Odd mult 8
date; python -um modular.solutions_modular find_uvD_pts 376 376 3001 20_000 1_000_000; date
hits: u 299, D 0, big 0, known 0
elapsed: 5:01:55.530785

Odd mult 8
date; python -um modular.solutions_modular find_uvD_pts 392 392 3001 20_000 1_000_000; date
hits: u 305, D 0, big 0, known 0
elapsed: 5:26:46.352777

Odd mult 8
date; python -um modular.solutions_modular find_uvD_pts 248 248 3001 20_000 1_000_000; date
hits: u 308, D 0, big 0, known 0
elapsed: 5:50:17.282365

Odd mult 8
date; python -um modular.solutions_modular find_uvD_pts 216 216 3001 20_000 1_000_000; date
hits: u 346, D 0, big 0, known 0
elapsed: 7:19:27.270351

Odd mult 8
date; python -um modular.solutions_modular find_uvD_pts 408 408 1 20_000 1_000_000; date
hits: u 450, D 0, big 0, known 0
elapsed: 9:44:51.385102

Odd mult 8
date; python -um modular.solutions_modular find_uvD_pts 424 424 1 20_000 1_000_000; date
hits: u 391, D 0, big 0, known 0
elapsed: 6:39:21.072112

Odd mult 8
date; python -um modular.solutions_modular find_uvD_pts 472 472 1 20_000 1_000_000; date
hits: u 356, D 0, big 0, known 0
elapsed: 5:56:41.700960

Odd mult 8
date; python -um modular.solutions_modular find_uvD_pts 360 360 3001 20_000 1_000_000; date
hits: u 887, D 0, big 0, known 0
elapsed: 1 day, 0:50:37.390219

Odd mult 8
date; python -um modular.solutions_modular find_uvD_pts 488 488 1 20_000 1_000_000; date
hits: u 389, D 0, big 0, known 0
elapsed: 6:30:12.401996

5/5/2026T
Odd mult 8
date; python -um modular.solutions_modular find_uvD_pts 456 456 1 20_000 1_000_000; date
hits: u 515, D 0, big 0, known 0
elapsed: 11:33:19.373953

Odd mult 8
date; python -um modular.solutions_modular find_uvD_pts 440 440 1 20_000 1_000_000; date
hits: u 903, D 0, big 0, known 0
elapsed: 20:21:03.024459

Odd mult 4
date; python -um modular.solutions_modular find_uvD_pts 4 4 1001 20_000 1_000_000; date
hits: u 179, D 0, big 0, known 0
elapsed: 3:16:14.179740

Odd mult 4
date; python -um modular.solutions_modular find_uvD_pts 12 12 1001 20_000 1_000_000; date
hits: u 199, D 0, big 0, known 0
elapsed: 5:12:00.458396

Odd mult 4
date; python -um modular.solutions_modular find_uvD_pts 20 20 1001 20_000 1_000_000; date
hits: u 373, D 0, big 0, known 0
elapsed: 9:45:50.254594

Odd mult 4
date; python -um modular.solutions_modular find_uvD_pts 28 28 1001 20_000 1_000_000; date
hits: u 196, D 0, big 0, known 0
elapsed: 4:07:12.738257

Odd mult 4
date; python -um modular.solutions_modular find_uvD_pts 36 36 1001 20_000 1_000_000; date
hits: u 237, D 0, big 0, known 0
elapsed: 6:08:16.946132

Odd mult 4
date; python -um modular.solutions_modular find_uvD_pts 44 44 1001 20_000 1_000_000; date
hits: u 205, D 0, big 0, known 0
elapsed: 4:23:20.277521

Odd mult 4
date; python -um modular.solutions_modular find_uvD_pts 52 52 1001 20_000 1_000_000; date
hits: u 220, D 0, big 0, known 0
elapsed: 4:31:04.600700

Odd mult 4
date; python -um modular.solutions_modular find_uvD_pts 60 60 1001 20_000 1_000_000; date
hits: u 481, D 0, big 0, known 0
elapsed: 16:34:55.638023

Odd mult 4
date; python -um modular.solutions_modular find_uvD_pts 68 68 1001 20_000 1_000_000; date
hits: u 144, D 0, big 0, known 0
elapsed: 2:50:42.655291

Odd mult 4
date; python -um modular.solutions_modular find_uvD_pts 76 76 1001 20_000 1_000_000; date
hits: u 178, D 0, big 0, known 0
elapsed: 3:47:54.855023

Odd mult 4
date; python -um modular.solutions_modular find_uvD_pts 84 84 1001 20_000 1_000_000; date
hits: u 263, D 0, big 0, known 0
elapsed: 7:09:33.168216

Odd mult 4
date; python -um modular.solutions_modular find_uvD_pts 92 92 2001 20_000 1_000_000; date
hits: u 152, D 0, big 0, known 0
elapsed: 3:16:57.552353

Odd mult 4
date; python -um modular.solutions_modular find_uvD_pts 100 100 2001 20_000 1_000_000; date
hits: u 344, D 0, big 0, known 0
elapsed: 9:15:26.828311

Odd mult 4
date; python -um modular.solutions_modular find_uvD_pts 108 108 2001 20_000 1_000_000; date
hits: u 178, D 0, big 0, known 0
elapsed: 4:52:29.124095

Odd mult 4
date; python -um modular.solutions_modular find_uvD_pts 116 116 2001 20_000 1_000_000; date
hits: u 172, D 0, big 0, known 0
elapsed: 3:40:16.475115

Odd mult 4
date; python -um modular.solutions_modular find_uvD_pts 124 124 2001 20_000 1_000_000; date
hits: u 163, D 0, big 0, known 0
elapsed: 3:41:16.114856

Odd mult 4
date; python -um modular.solutions_modular find_uvD_pts 148 148 2001 20_000 1_000_000; date
hits: u 159, D 0, big 0, known 0
elapsed: 3:24:08.045828

Odd mult 4
date; python -um modular.solutions_modular find_uvD_pts 156 156 2001 20_000 1_000_000; date
hits: u 262, D 0, big 0, known 0
elapsed: 7:11:45.577598

Odd mult 4
date; python -um modular.solutions_modular find_uvD_pts 164 164 2001 20_000 1_000_000; date
hits: u 145, D 0, big 0, known 0
elapsed: 3:06:45.749052

Odd mult 4
date; python -um modular.solutions_modular find_uvD_pts 172 172 2001 20_000 1_000_000; date
hits: u 141, D 0, big 0, known 0
elapsed: 2:48:03.813437

Odd mult 4
date; python -um modular.solutions_modular find_uvD_pts 188 188 3001 20_000 1_000_000; date
hits: u 155, D 0, big 0, known 0
elapsed: 3:10:52.612347

Odd mult 4
date; python -um modular.solutions_modular find_uvD_pts 196 196 3001 20_000 1_000_000; date
hits: u 132, D 0, big 0, known 0
knowns 0: []
elapsed: 2:50:56.596609

Odd mult 4
date; python -um modular.solutions_modular find_uvD_pts 204 204 3001 20_000 1_000_000; date
hits: u 179, D 0, big 0, known 0
elapsed: 5:07:09.205155

5/6/2026W
Odd mult 4
date; python -um modular.solutions_modular find_uvD_pts 140 140 2001 20_000 1_000_000; date
hits: u 421, D 0, big 0, known 0
elapsed: 11:30:07.217167

Odd mult 4
date; python -um modular.solutions_modular find_uvD_pts 180 180 2001 20_000 1_000_000; date
hits: u 477, D 0, big 0, known 0
elapsed: 16:31:30.826794

Odd mult 4
date; python -um modular.solutions_modular find_uvD_pts 212 212 3001 20_000 1_000_000; date
hits: u 167, D 0, big 0, known 0
elapsed: 3:38:41.360787

Odd mult 4
date; python -um modular.solutions_modular find_uvD_pts 220 220 3001 20_000 1_000_000; date
hits: u 347, D 0, big 0, known 0
elapsed: 9:23:52.020000

Odd mult 4
date; python -um modular.solutions_modular find_uvD_pts 228 228 3001 20_000 1_000_000; date
hits: u 220, D 0, big 0, known 0
elapsed: 6:21:50.777118

Odd mult 4
date; python -um modular.solutions_modular find_uvD_pts 236 236 3001 20_000 1_000_000; date
hits: u 147, D 0, big 0, known 0
elapsed: 3:05:15.270011

Odd mult 4
date; python -um modular.solutions_modular find_uvD_pts 244 244 3001 20_000 1_000_000; date
hits: u 157, D 0, big 0, known 0
elapsed: 3:12:50.316808

Odd mult 4
date; python -um modular.solutions_modular find_uvD_pts 252 252 3001 20_000 1_000_000; date
hits: u 217, D 0, big 0, known 0
elapsed: 6:09:05.487287

Odd mult 4
date; python -um modular.solutions_modular find_uvD_pts 260 260 3001 20_000 1_000_000; date
hits: u 431, D 0, big 0, known 0
elapsed: 12:42:15.147059

Odd mult 4
date; python -um modular.solutions_modular find_uvD_pts 268 268 3001 20_000 1_000_000; date
hits: u 145, D 0, big 0, known 0
elapsed: 3:15:56.680822

Odd mult 4
date; python -um modular.solutions_modular find_uvD_pts 276 276 3001 20_000 1_000_000; date
hits: u 177, D 0, big 0, known 0
elapsed: 4:53:33.672357

Odd mult 4
date; python -um modular.solutions_modular find_uvD_pts 284 284 3001 20_000 1_000_000; date
hits: u 163, D 0, big 0, known 0
elapsed: 3:20:44.981754

Odd mult 4
date; python -um modular.solutions_modular find_uvD_pts 292 292 3001 20_000 1_000_000; date
hits: u 155, D 0, big 0, known 0
elapsed: 3:12:27.342294

Odd mult 4
date; python -um modular.solutions_modular find_uvD_pts 300 300 3001 20_000 1_000_000; date
hits: u 424, D 0, big 0, known 0
elapsed: 14:59:15.824461

Odd mult 4
date; python -um modular.solutions_modular find_uvD_pts 308 308 3001 20_000 1_000_000; date
hits: u 180, D 0, big 0, known 0]
elapsed: 4:24:40.133819

Odd mult 4
date; python -um modular.solutions_modular find_uvD_pts 316 316 3001 20_000 1_000_000; date
hits: u 159, D 0, big 0, known 0
elapsed: 3:30:56.057011

Odd mult 4
date; python -um modular.solutions_modular find_uvD_pts 324 324 3001 20_000 1_000_000; date
hits: u 198, D 0, big 0, known 0
elapsed: 5:19:05.854959

Odd mult 4
date; python -um modular.solutions_modular find_uvD_pts 332 332 3001 20_000 1_000_000; date
hits: u 150, D 0, big 0, known 0
elapsed: 3:19:32.144021

Odd mult 4
date; python -um modular.solutions_modular find_uvD_pts 340 340 3001 20_000 1_000_000; date
u 14337/340, v -1376/705 -> D 22737959090039/1689885000, w -81065/89412
	known #25: 39871595729
	known #47: 230791363907489
u 14337/340, v -81065/89412 -> D 349076568705186079/54362639059200, w -1376/705
	known #47: 230791363907489
	known #25: 39871595729
hits: u 325, D 2, big 0, known 4
knowns 2: [25, 47]
elapsed: 9:20:11.523062

Odd mult 4
date; python -um modular.solutions_modular find_uvD_pts 348 348 3001 20_000 1_000_000; date
hits: u 202, D 0, big 0, known 0
elapsed: 5:37:18.361857

Odd mult 4
date; python -um modular.solutions_modular find_uvD_pts 356 356 3001 20_000 1_000_000; date
hits: u 155, D 0, big 0, known 0
elapsed: 3:13:38.884298

Odd mult 4
date; python -um modular.solutions_modular find_uvD_pts 364 364 3001 20_000 1_000_000; date
hits: u 217, D 0, big 0, known 0
elapsed: 5:03:41.102476

Odd mult 4
date; python -um modular.solutions_modular find_uvD_pts 372 372 3001 20_000 1_000_000; date
hits: u 204, D 0, big 0, known 0
elapsed: 5:42:31.488369

Odd mult 4
date; python -um modular.solutions_modular find_uvD_pts 388 388 3001 20_000 1_000_000; date
hits: u 142, D 0, big 0, known 0
elapsed: 2:49:57.627628

Odd mult 4
date; python -um modular.solutions_modular find_uvD_pts 396 396 3001 20_000 1_000_000; date
hits: u 222, D 0, big 0, known 0
elapsed: 5:48:57.337121

Odd mult 4
date; python -um modular.solutions_modular find_uvD_pts 404 404 3001 20_000 1_000_000; date
hits: u 157, D 0, big 0, known 0
elapsed: 3:00:59.366063

Odd mult 4
date; python -um modular.solutions_modular find_uvD_pts 412 412 3001 20_000 1_000_000; date
hits: u 155, D 0, big 0, known 0
elapsed: 3:14:49.153156

4/7/2026R
Odd mult 4
date; python -um modular.solutions_modular find_uvD_pts 380 380 3001 20_000 1_000_000; date
hits: u 359, D 0, big 0, known 0
elapsed: 10:01:37.095162

Odd mult 4
date; python -um modular.solutions_modular find_uvD_pts 420 420 3001 20_000 1_000_000; date
hits: u 494, D 0, big 0, known 0
elapsed: 17:11:39.447878

Odd mult 4
date; python -um modular.solutions_modular find_uvD_pts 428 428 3001 20_000 1_000_000; date
hits: u 162, D 0, big 0, known 0
elapsed: 3:21:37.988564

Odd mult 4
date; python -um modular.solutions_modular find_uvD_pts 436 436 1 20_000 1_000_000; date
hits: u 196, D 0, big 0, known 0
elapsed: 3:57:30.520777

Odd mult 4
date; python -um modular.solutions_modular find_uvD_pts 444 444 1 20_000 1_000_000; date
hits: u 259, D 0, big 0, known 0
elapsed: 6:58:03.677809

Odd mult 4
date; python -um modular.solutions_modular find_uvD_pts 452 452 1 20_000 1_000_000; date
hits: u 166, D 0, big 0, known 0
elapsed: 3:24:09.270543

Odd mult 4
date; python -um modular.solutions_modular find_uvD_pts 460 460 1 20_000 1_000_000; date
hits: u 407, D 0, big 0, known 0
elapsed: 10:34:01.086017

Odd mult 4
date; python -um modular.solutions_modular find_uvD_pts 468 468 1 20_000 1_000_000; date
hits: u 288, D 0, big 0, known 0
elapsed: 8:06:23.353842

Odd mult 4
date; python -um modular.solutions_modular find_uvD_pts 476 476 1 20_000 1_000_000; date
hits: u 178, D 0, big 0, known 0
elapsed: 3:46:07.362087

Odd mult 4
date; python -um modular.solutions_modular find_uvD_pts 484 484 1 20_000 1_000_000; date
hits: u 201, D 0, big 0, known 0
elapsed: 4:18:31.448554

Odd mult 4
date; python -um modular.solutions_modular find_uvD_pts 492 492 1 20_000 1_000_000; date
hits: u 207, D 0, big 0, known 0
elapsed: 5:22:28.997481


mults of 4 >= 500
date; python -um modular.solutions_modular find_uvD_pts 500 500 1 20_000 1_000_000; date
hits: u 390, D 0, big 0, known 0
elapsed: 10:19:13.297021

date; python -um modular.solutions_modular find_uvD_pts 504 504 1 20_000 1_000_000; date
hits: u 529, D 0, big 0, known 0
elapsed: 11:51:46.793421

date; python -um modular.solutions_modular find_uvD_pts 508 508 1 20_000 1_000_000; date
hits: u 193, D 0, big 0, known 0
elapsed: 4:01:54.098545

date; python -um modular.solutions_modular find_uvD_pts 512 512 1 20_000 1_000_000; date
hits: u 350, D 0, big 0, known 0
elapsed: 6:02:39.536194

date; python -um modular.solutions_modular find_uvD_pts 516 516 1 20_000 1_000_000; date
hits: u 241, D 0, big 0, known 0
elapsed: 6:44:55.574242

date; python -um modular.solutions_modular find_uvD_pts 524 524 1 20_000 1_000_000; date
hits: u 193, D 0, big 0, known 0
elapsed: 4:09:06.594492

date; python -um modular.solutions_modular find_uvD_pts 532 532 1 20_000 1_000_000; date
hits: u 211, D 0, big 0, known 0
elapsed: 4:31:55.739031

5/28/2026F
date; python -um modular.solutions_modular find_uvD_pts 520 520 1 20_000 1_000_000; date
hits: u 1030, D 0, big 0, known 0
elapsed: 1 day, 1:38:44.05522

date; python -um modular.solutions_modular find_uvD_pts 528 528 1 20_000 1_000_000; date
hits: u 526, D 0, big 0, known 0
elapsed: 11:01:36.192419

date; python -um modular.solutions_modular find_uvD_pts 536 536 1 20_000 1_000_000; date
hits: u 357, D 0, big 0, known 0
elapsed: 6:21:04.113877

date; python -um modular.solutions_modular find_uvD_pts 540 540 1 20_000 1_000_000; date
u -361/540, v 1861/240 -> D 2085707016991/16796160000, w -7800/5509
	known #11: 145087793
	known #33: 1059621884297
u -361/540, v -7800/5509 -> D 80577403041031/4424896009800, w 1861/240
	known #33: 1059621884297
	known #11: 145087793
hits: u 527, D 2, big 0, known 4
knowns 2: [11, 33]
elapsed: 18:01:45.769678

After this, I unconsciously switched to multiples of 8, so 544, 552, 560, etc come later.

date; python -um modular.solutions_modular find_uvD_pts 548 548 1 20_000 1_000_000; date
hits: u 171, D 0, big 0, known 0
elapsed: 3:20:01.269399

date; python -um modular.solutions_modular find_uvD_pts 556 556 1 20_000 1_000_000; date
hits: u 177, D 0, big 0, known 0
elapsed: 3:43:27.958379

date; python -um modular.solutions_modular find_uvD_pts 564 564 1 20_000 1_000_000; date
hits: u 231, D 0, big 0, known 0
elapsed: 5:55:17.162260

date; python -um modular.solutions_modular find_uvD_pts 572 572 1 20_000 1_000_000; date
hits: u 242, D 0, big 0, known 0
elapsed: 5:44:49.401994

date; python -um modular.solutions_modular find_uvD_pts 580 580 1 20_000 1_000_000; date
hits: u 429, D 0, big 0, known 0
elapsed: 11:45:10.752194

date; python -um modular.solutions_modular find_uvD_pts 588 588 1 20_000 1_000_000; date
hits: u 260, D 0, big 0, known 0
elapsed: 7:35:31.932372

date; python -um modular.solutions_modular find_uvD_pts 596 596 1 20_000 1_000_000; date
hits: u 175, D 0, big 0, known 0
elapsed: 4:08:58.455061

date; python -um modular.solutions_modular find_uvD_pts 604 604 1 20_000 1_000_000; date
hits: u 186, D 0, big 0, known 0
elapsed: 4:08:33.847760

date; python -um modular.solutions_modular find_uvD_pts 612 612 1 20_000 1_000_000; date
hits: u 181, D 0, big 0, known 0
elapsed: 5:19:43.575924

date; python -um modular.solutions_modular find_uvD_pts 628 628 1 20_000 1_000_000; date
hits: u 182, D 0, big 0, known 0
elapsed: 3:45:26.494380

date; python -um modular.solutions_modular find_uvD_pts 636 636 1 20_000 1_000_000; date
hits: u 257, D 0, big 0, known 0
elapsed: 7:06:14.722701

date; python -um modular.solutions_modular find_uvD_pts 644 644 1 20_000 1_000_000; date
hits: u 218, D 0, big 0, known 0
elapsed: 4:17:41.016390

date; python -um modular.solutions_modular find_uvD_pts 620 620 1 20_000 1_000_000; date
hits: u 421, D 0, big 0, known 0
elapsed: 11:17:01.537698

date; python -um modular.solutions_modular find_uvD_pts 652 652 1 20_000 1_000_000; date
hits: u 167, D 0, big 0, known 0
elapsed: 3:26:21.404360

date; python -um modular.solutions_modular find_uvD_pts 668 668 1 20_000 1_000_000; date
hits: u 177, D 0, big 0, known 0
elapsed: 3:24:00.437781

date; python -um modular.solutions_modular find_uvD_pts 676 676 1 20_000 1_000_000; date
hits: u 207, D 0, big 0, known 0
elapsed: 4:33:27.366930

date; python -um modular.solutions_modular find_uvD_pts 692 692 1 20_000 1_000_000; date
u -477/692, v -5/8 -> D 64335705/30647296, w 36696/8687
	known #20: 3393603777
	known #7: 20615673
u -477/692, v 36696/8687 -> D 16960959771375/2581212717944, w -5/8
	known #7: 20615673
	known #20: 3393603777
hits: u 155, D 2, big 0, known 4
knowns 2: [7, 20]
elapsed: 2:55:55.044747

5/9/2026Sa
date; python -um modular.solutions_modular find_uvD_pts 544 544 1 20_000 1_000_000; date
hits: u 335, D 0, big 0, known 0
elapsed: 5:41:35.554888

date; python -um modular.solutions_modular find_uvD_pts 568 568 1 20_000 1_000_000; date
hits: u 368, D 2, big 0, known 4
knowns 2: [5, 12]
elapsed: 6:37:07.796784

date; python -um modular.solutions_modular find_uvD_pts 584 584 1 20_000 1_000_000; date
hits: u 364, D 0, big 0, known 0
elapsed: 6:06:37.073365

date; python -um modular.solutions_modular find_uvD_pts 660 660 1 20_000 1_000_000; date
hits: u 557, D 2, big 0, known 4
knowns 3: [8, 57, 65]
elapsed: 19:50:13.135514

date; python -um modular.solutions_modular find_uvD_pts 684 684 1 20_000 1_000_000; date
hits: u 233, D 0, big 0, known 0
elapsed: 6:18:52.874085

date; python -um modular.solutions_modular find_uvD_pts 700 700 1 20_000 1_000_000; date
hits: u 439, D 0, big 0, known 0
elapsed: 11:58:09.238870

date; python -um modular.solutions_modular find_uvD_pts 704 704 1 20_000 1_000_000; date
hits: u 381, D 0, big 0, known 0
elapsed: 6:34:12.514191

date; python -um modular.solutions_modular find_uvD_pts 708 708 1 20_000 1_000_000; date
hits: u 212, D 0, big 0, known 0
elapsed: 5:34:40.704521

date; python -um modular.solutions_modular find_uvD_pts 716 716 1 20_000 1_000_000; date
hits: u 156, D 0, big 0, known 0
elapsed: 3:04:25.802848

date; python -um modular.solutions_modular find_uvD_pts 724 724 1 20_000 1_000_000; date
hits: u 178, D 0, big 0, known 0
elapsed: 3:33:07.560712

date; python -um modular.solutions_modular find_uvD_pts 732 732 1 20_000 1_000_000; date
hits: u 231, D 0, big 0, known 0
elapsed: 6:10:51.961346

date; python -um modular.solutions_modular find_uvD_pts 740 740 1 20_000 1_000_000; date
hits: u 430, D 0, big 0, known 0
elapsed: 11:17:41.726127

date; python -um modular.solutions_modular find_uvD_pts 748 748 1 20_000 1_000_000; date
hits: u 174, D 0, big 0, known 0
elapsed: 3:35:46.811290

date; python -um modular.solutions_modular find_uvD_pts 576 576 1 20_000 1_000_000; date
u 83/576, v -2235384/965789 -> D 820412136179091625/154731765338523648, w 92800385/25962516
NEW 83/576, -2235384/965789 -> 4989795146367937; 4054077093163680, 3991634925049800, 3129524286980159
hits: u 2, D 1, big 0, known 0
elapsed: 0:02:24.093637
(83/576, -2235384/965789, (4054077093163680/4989795146367937, -3129524286980159/4989795146367937, -3991634925049800/4989795146367937))
Sat May  9 14:35:06 MDT 2026
F49897_16: 4_989_795_146_367_937

v_list = find_uv_by_EC(QQ(83)/576, QQ(-2235384)/965789, 6, verbose=True)
t = (0 : 1 : 0), v = -2235384/965789
t = (356537145839 : 0 : 1), v = 92800385/25962516
 effort 3, rank [1, 3, 0], 1 gens
 effort 3, rank [1, 3, 0], 1 gens
 effort 4, rank [1, 3, 0], 1 gens
 effort 5, rank [1, 3, 0], 1 gens
Root (356537145839 : 0 : 1) is a torsion point
Found 1 basis gens
g = (508703084626176121/6889 : 362827876820580105388996250/571787 : 1), v = -1341183055505/613781670132
Found 26 unique points from 26
Restrict to 2 v with height < 10000000000
>>> solve_v_list(QQ(83)/576, v_list)
u 83/576, v -2235384/965789 -> D 820412136179091625/154731765338523648, w 92800385/25962516
	known #49: 4989795146367937
NEW 83/576, -2235384/965789 -> 2403830299338229417; 2131324451761725144, 1792486419420151465, 1248766649433953640
big 0, known 1
knowns 1: [49]
(83/576, -2235384/965789, (1248766649433953640/2403830299338229417, -2131324451761725144/2403830299338229417, -1792486419420151465/2403830299338229417))
F24038_19: 2_403_830_299_338_229_417

solve_v_list(QQ(83)/576, v_list)
u 83/576, v -2235384/965789 -> D 820412136179091625/154731765338523648, w 92800385/25962516
	known #49: 4989795146367937
	known #57: 2403830299338229417
u 83/576, v 92800385/25962516 -> D 754549449886634149345/223634354999585734656, w -2235384/965789
	known #57: 2403830299338229417
	known #49: 4989795146367937
big 0, known 4
knowns 2: [49, 57]
abcd_to_h_u((3_129_524_286_980_159, 3_991_634_925_049_800, 4_054_077_093_163_680, 4_989_795_146_367_937))
[(576, 83/576), (2235384, -2235384/965789), (92800385, 92800385/25962516), (124268607432, 124268607432/35593210003), ...]

v_list = find_uv_by_EC(QQ(83)/576, QQ(92800385)/25962516, 6, verbose=True)
t = (0 : 1 : 0), v = 92800385/25962516
t = (356537145839 : 0 : 1), v = -2235384/965789
 effort 3, rank [1, 3, 0], 1 gens
 effort 3, rank [1, 3, 0], 1 gens
 effort 4, rank [1, 3, 0], 2 gens
 effort 5, rank [1, 3, 0], 2 gens
Root (356537145839 : 0 : 1) is a torsion point
Found 1 basis gens
g = (363139687441 : 57012662664883726 : 1), v = -1341183055505/613781670132
Found 26 unique points from 26
Restrict to 2 v with height < 10000000000
>>> solve_v_list(QQ(83)/576, v_list)
u 83/576, v -2235384/965789 -> D 820412136179091625/154731765338523648, w 92800385/25962516
	known #49: 4989795146367937
	known #57: 2403830299338229417
u 83/576, v 92800385/25962516 -> D 754549449886634149345/223634354999585734656, w -2235384/965789
	known #57: 2403830299338229417
	known #49: 4989795146367937
big 0, known 4
knowns 2: [49, 57]
Repeat after 2 NEW
date; python -um modular.solutions_modular find_uvD_pts 576 576 1 20_000 1_000_000; date
u 83/576, v -2235384/965789 -> D 820412136179091625/154731765338523648, w 92800385/25962516
	known #49: 4989795146367937
	known #57: 2403830299338229417
hits: u 492, D 1, big 0, known 2
knowns 2: [49, 57]
elapsed: 10:11:12.840736

I posted this message to
https://math.stackexchange.com/questions/5132298/recent-counter-examples-to-eulers-sum-of-powers-conjecture/5135502#5135502

I found 2 more solutions < 10^27 today. But they are not < 10^12. They are 16 and 19 digits.
The first is 4989795146367937; 4054077093163680, 3991634925049800, 3129524286980159 .
The second is 2403830299338229417; 2131324451761725144, 1792486419420151465, 1248766649433953640 .
They were found with the method of @tito-piezas-iii using u = 83/576, v = -2235384/965789 .

Tito told me about Tomita's 4 new solutions:
(u,v)=(-709/364, 3103968/863671)
(a,b,c,d)=(
49684712325560200, 
49624451107919296, 
33615149527526095, 
60_542_395_253_512_497)
(a,b,c,d)=(
195245555846283391, 
144112537339077160, 
178334974425415360, 
231_979_091_654_001_537)

(u, v) = (-5552/105, -815245/426348) 
(a,b,c,d) = (
70276688758987120, 
152660170918416255, 
176476558728061032, 
198_016_567_109_694_593)
(a,b,c,d) = (
527509154340728093808, 
1420717670986005660520, 
1805709725518636044015, 
1_960_831_783_427_966_956_817)
We now have 109 solutions.

5/10/2026M
Tito told me Seiji just found 2 more using (u,v)=(400/873,1485601/69300),
(a,b,c,d)=(
33589758068912, 
28586973438225, 
8676989249400, 
37_352_008_459_537)
(a,b,c,d)=(
48747106060823025, 
62461941274343088, 
9096231046728200, 
67_593_933_012_233_713)
with d ~ 10^13 and d ~ 10^16, respectively.
abcd_to_h_u((8_676_989_249_400, 28_586_973_438_225, 33_589_758_068_912, 37_352_008_459_537))
[(873, 400/873), (1485601, 1485601/69300), (1565217, 1565217/307700), (19207664001, 19207664001/222491900), ...]


date; python -um modular.solutions_modular find_uvD_pts 552 552 1 20_000 1_000_000; date
hits: u 449, D 0, big 0, known 0
elapsed: 9:53:00.152142

date; python -um modular.solutions_modular find_uvD_pts 560 560 1 20_000 1_000_000; date
hits: u 964, D 0, big 0, known 0
elapsed: 22:30:28.529795

date; python -um modular.solutions_modular find_uvD_pts 584 584 1 20_000 1_000_000; date
hits: u 364, D 0, big 0, known 0
elapsed: 6:06:37.073365

date; python -um modular.solutions_modular find_uvD_pts 608 608 1 20_000 1_000_000; date
hits: u 368, D 0, big 0, known 0
elapsed: 6:41:55.365145

date; python -um modular.solutions_modular find_uvD_pts 616 616 1 20_000 1_000_000; date
hits: u 422, D 0, big 0, known 0
elapsed: 7:46:23.911528

date; python -um modular.solutions_modular find_uvD_pts 624 624 1 20_000 1_000_000; date
hits: u 578, D 0, big 0, known 0
elapsed: 13:33:47.614846

date; python -um modular.solutions_modular find_uvD_pts 632 632 1 20_000 1_000_000; date
hits: u 373, D 0, big 0, known 0
elapsed: 6:28:04.852623

date; python -um modular.solutions_modular find_uvD_pts 640 640 1 20_000 1_000_000; date
hits: u 844, D 0, big 0, known 0
elapsed: 19:44:58.388974

date; python -um modular.solutions_modular find_uvD_pts 648 648 1 20_000 1_000_000; date
hits: u 464, D 0, big 0, known 0
elapsed: 9:55:29.084816

date; python -um modular.solutions_modular find_uvD_pts 656 656 1 20_000 1_000_000; date
hits: u 352, D 0, big 0, known 0
elapsed: 6:36:56.722951

date; python -um modular.solutions_modular find_uvD_pts 664 664 1 20_000 1_000_000; date
hits: u 351, D 0, big 0, known 0
elapsed: 6:40:17.411457

date; python -um modular.solutions_modular find_uvD_pts 672 672 1 20_000 1_000_000; date
hits: u 542, D 0, big 0, known 0
elapsed: 11:50:01.943011

date; python -um modular.solutions_modular find_uvD_pts 688 688 1 20_000 1_000_000; date
hits: u 385, D 0, big 0, known 0
elapsed: 7:21:40.450370

date; python -um modular.solutions_modular find_uvD_pts 712 712 1 20_000 1_000_000; date
hits: u 356, D 0, big 0, known 0
elapsed: 6:05:10.669891

5/11/2026M
date; python -um modular.solutions_modular find_uvD_pts 680 680 1 20_000 1_000_000; date
hits: u 761, D 0, big 0, known 0
elapsed: 18:27:22.995911

date; python -um modular.solutions_modular find_uvD_pts 696 696 1 20_000 1_000_000; date
hits: u 495, D 0, big 0, known 0
elapsed: 11:22:57.402537

date; python -um modular.solutions_modular find_uvD_pts 720 720 1 20_000 1_000_000; date
hits: u 1082, D 0, big 0, known 0
elapsed: 1 day, 6:26:42.048960

date; python -um modular.solutions_modular find_uvD_pts 728 728 1 20_000 1_000_000; date
hits: u 495, D 0, big 0, known 0
elapsed: 8:56:42.126333

date; python -um modular.solutions_modular find_uvD_pts 736 736 1 20_000 1_000_000; date
hits: u 378, D 0, big 0, known 0
elapsed: 6:58:27.248383

date; python -um modular.solutions_modular find_uvD_pts 744 744 1 20_000 1_000_000; date
hits: u 497, D 0, big 0, known 0
elapsed: 10:54:34.404020

date; python -um modular.solutions_modular find_uvD_pts 752 752 1 20_000 1_000_000; date
hits: u 377, D 0, big 0, known 0
elapsed: 6:33:17.232619

date; python -um modular.solutions_modular find_uvD_pts 756 756 1 20_000 1_000_000; date
hits: u 262, D 0, big 0, known 0
elapsed: 6:53:09.843749

date; python -um modular.solutions_modular find_uvD_pts 764 764 1 20_000 1_000_000; date
hits: u 161, D 0, big 0, known 0
elapsed: 3:32:21.772342

date; python -um modular.solutions_modular find_uvD_pts 768 768 1 20_000 1_000_000; date
hits: u 447, D 0, big 0, known 0
elapsed: 9:14:11.705013

date; python -um modular.solutions_modular find_uvD_pts 772 772 1 20_000 1_000_000; date
hits: u 158, D 0, big 0, known 0
elapsed: 3:02:16.760253

date; python -um modular.solutions_modular find_uvD_pts 776 776 1 20_000 1_000_000; date
hits: u 324, D 0, big 0, known 0
elapsed: 5:02:32.381965

5/12/2026T
date; python -um modular.solutions_modular find_uvD_pts 600 600 1 20_000 1_000_000; date
hits: u 1034, D 0, big 0, known 0
elapsed: 1 day, 5:19:48.677996

date; python -um modular.solutions_modular find_uvD_pts 760 760 1 20_000 1_000_000; date
hits: u 824, D 0, big 0, known 0
elapsed: 19:36:23.015338

date; python -um modular.solutions_modular find_uvD_pts 780 780 1 20_000 1_000_000; date
hits: u 648, D 0, big 0, known 0
elapsed: 23:21:26.754477

date; python -um modular.solutions_modular find_uvD_pts 784 784 1 20_000 1_000_000; date
hits: u 397, D 0, big 0, known 0
elapsed: 7:09:47.667562

date; python -um modular.solutions_modular find_uvD_pts 788 788 1 20_000 1_000_000; date
hits: u 166, D 0, big 0, known 0
elapsed: 3:34:57.143397

date; python -um modular.solutions_modular find_uvD_pts 792 792 1 20_000 1_000_000; date
hits: u 477, D 0, big 0, known 0
elapsed: 10:15:22.860618

date; python -um modular.solutions_modular find_uvD_pts 796 796 1 20_000 1_000_000; date
hits: u 176, D 0, big 0, known 0
elapsed: 3:34:01.607951

date; python -um modular.solutions_modular find_uvD_pts 800 800 1 20_000 1_000_000; date
hits: u 816, D 0, big 0, known 0
elapsed: 19:02:19.326787

date; python -um modular.solutions_modular find_uvD_pts 804 804 1 20_000 1_000_000; date
hits: u 222, D 0, big 0, known 0
elapsed: 5:37:35.318264

date; python -um modular.solutions_modular find_uvD_pts 808 808 1 20_000 1_000_000; date
hits: u 375, D 0, big 0, known 0
elapsed: 6:49:12.947863

date; python -um modular.solutions_modular find_uvD_pts 812 812 1 20_000 1_000_000; date
hits: u 254, D 0, big 0, known 0
elapsed: 5:14:32.034483

date; python -um modular.solutions_modular find_uvD_pts 816 816 1 20_000 1_000_000; date
hits: u 396, D 0, big 0, known 0
elapsed: 8:04:02.806998

5/14/2026R
date; python -um modular.solutions_modular find_uvD_pts 820 820 1 20_000 1_000_000; date
hits: u 376, D 0, big 0, known 0
elapsed: 9:55:01.835901

date; python -um modular.solutions_modular find_uvD_pts 824 824 1 20_000 1_000_000; date
hits: u 372, D 0, big 0, known 0
elapsed: 6:33:40.609067

date; python -um modular.solutions_modular find_uvD_pts 828 828 1 20_000 1_000_000; date
hits: u 231, D 0, big 0, known 0
elapsed: 6:04:36.888909

date; python -um modular.solutions_modular find_uvD_pts 832 832 1 20_000 1_000_000; date
hits: u 454, D 0, big 0, known 0
elapsed: 8:34:41.878322

date; python -um modular.solutions_modular find_uvD_pts 836 836 1 20_000 1_000_000; date
hits: u 192, D 0, big 0, known 0
elapsed: 4:17:43.218825

date; python -um modular.solutions_modular find_uvD_pts 840 840 1 20_000 1_000_000; date
hits: u 1145, D 0, big 0, known 0
elapsed: 1 day, 7:53:54.457181

date; python -um modular.solutions_modular find_uvD_pts 844 844 1 20_000 1_000_000; date
hits: u 180, D 0, big 0, known 0
elapsed: 3:41:39.246115

date; python -um modular.solutions_modular find_uvD_pts 848 848 1 20_000 1_000_000; date
hits: u 369, D 0, big 0, known 0
elapsed: 6:18:06.685773

date; python -um modular.solutions_modular find_uvD_pts 852 852 1 20_000 1_000_000; date
hits: u 241, D 0, big 0, known 0
elapsed: 5:58:56.552758

date; python -um modular.solutions_modular find_uvD_pts 856 856 1 20_000 1_000_000; date
hits: u 355, D 0, big 0, known 0
elapsed: 6:15:47.010384

date; python -um modular.solutions_modular find_uvD_pts 860 860 1 20_000 1_000_000; date
hits: u 417, D 0, big 0, known 0
elapsed: 10:52:37.298086

date; python -um modular.solutions_modular find_uvD_pts 864 864 1 20_000 1_000_000; date
hits: u 477, D 0, big 0, known 0
elapsed: 10:20:24.925393

date; python -um modular.solutions_modular find_uvD_pts 868 868 1 20_000 1_000_000; date
hits: u 186, D 0, big 0, known 0
elapsed: 6:54:44.674956

----------
What ranges did Tomita find?
T37352_14=dict(info='Tomita (2026)', inx=45, m=(400, 873),
(400/873), (1485601/69300)

T60542_17=dict(info='Tomita (2026)', inx=53, m=(-709, 364),
(-709/364), (3103968/863671)

T19801_18=dict(info='Tomita (2026)', inx=58, m=(-5552, 105),
(-5552/105), (-815245/426348)

T33167_11=dict(info='Tomita (2026)', inx=24, m=(-7752, 205),
(-7752/205), (-290889/457880)

so u_d < 10_000, u_n < 1_000
	v_num < 5_000_000, v_den < 1_000_000
so he is beating me on v_num.
Therefore increase n_mult from 5, 3, 2 to 10, 5, 3
--------

5/16/2026Sa
date; python -um modular.solutions_modular find_uvD_pts 872 872 1 20_000 1_000_000; date
hits: u 373, D 0, big 0, known 0
elapsed: 11:29:12.898338

date; python -um modular.solutions_modular find_uvD_pts 876 876 1 20_000 1_000_000; date
hits: u 214, D 0, big 0, known 0
elapsed: 9:29:49.575793

date; python -um modular.solutions_modular find_uvD_pts 880 880 1 20_000 1_000_000; date
hits: u 870, D 0, big 0, known 0
elapsed: 1 day, 13:39:40.842049

date; python -um modular.solutions_modular find_uvD_pts 884 884 1 20_000 1_000_000; date
hits: u 174, D 0, big 0, known 0
elapsed: 6:46:03.342674

date; python -um modular.solutions_modular find_uvD_pts 888 888 1 20_000 1_000_000; date
hits: u 490, D 0, big 0, known 0
elapsed: 20:16:11.660327

date; python -um modular.solutions_modular find_uvD_pts 892 892 1 20_000 1_000_000; date
hits: u 163, D 0, big 0, known 0
elapsed: 5:46:30.818630

date; python -um modular.solutions_modular find_uvD_pts 896 896 1 20_000 1_000_000; date
hits: u 398, D 0, big 0, known 0
elapsed: 12:35:35.728242

5/17/2026Su
date; python -um modular.solutions_modular find_uvD_pts 900 900 1 20_000 1_000_000; date
hits: u 472, D 0, big 0, known 0
elapsed: 1 day, 4:17:19.473324

date; python -um modular.solutions_modular find_uvD_pts 904 904 1 20_000 1_000_000; date
hits: u 327, D 0, big 0, known 0
elapsed: 10:42:12.475495

date; python -um modular.solutions_modular find_uvD_pts 908 908 1 20_000 1_000_000; date
hits: u 158, D 0, big 0, known 0
elapsed: 5:38:33.777052

date; python -um modular.solutions_modular find_uvD_pts 916 916 1 20_000 1_000_000; date
hits: u 173, D 0, big 0, known 0
elapsed: 6:18:48.136651

5/18/2026M
date; python -um modular.solutions_modular find_uvD_pts 912 912 1 20_000 1_000_000; date
hits: u 471, D 0, big 0, known 0
elapsed: 19:34:17.346913

date; python -um modular.solutions_modular find_uvD_pts 920 920 1 20_000 1_000_000; date
Searching for pts on -2433/920 quartic
u -2433/920, v -400/37 -> D 985189443879/579360800, w -93/80
	known #18: 1787882337
	known #4: 12197457
hits: u 819, D 1, big 0, known 2
knowns 2: [4, 18]
elapsed: 1 day, 10:13
All 3 uvw in solutions_uv table

date; python -um modular.solutions_modular find_uvD_pts 924 924 1 20_000 1_000_000; date
hits: u 285, D 0, big 0, known 0
elapsed: 14:27:30.918961

date; python -um modular.solutions_modular find_uvD_pts 928 928 1 20_000 1_000_000; date
hits: u 351, D 0, big 0, known 0
elapsed: 10:15:34.174724

date; python -um modular.solutions_modular find_uvD_pts 936 936 1 20_000 1_000_000; date
u -936/5281, v -125/92 -> D 514986989385/118026082952, w 1717941/427352
	known #27: 64244765937
	known #41: 25866132798297
hits: u 566, D 1, big 0, known 2
knowns 2: [27, 41]
elapsed: 1 day, 0:05:33.736914

date; python -um modular.solutions_modular find_uvD_pts 944 944 1 20_000 1_000_000; date
hits: u 315, D 0, big 0, known 0
elapsed: 9:48:05.614612

9/19/2026T
date; python -um modular.solutions_modular find_uvD_pts 940 940 1 20_000 1_000_000; date
hits: u 397, D 0, big 0, known 0
elapsed: 18:32:23.974790

date; python -um modular.solutions_modular find_uvD_pts 948 948 1 20_000 1_000_000; date
hits: u 201, D 0, big 0, known 0
elapsed: 8:45:56.766610

date; python -um modular.solutions_modular find_uvD_pts 956 956 1 20_000 1_000_000; date
hits: u 182, D 0, big 0, known 0
elapsed: 6:14:48.068662

date; python -um modular.solutions_modular find_uvD_pts 964 964 1 20_000 1_000_000; date
hits: u 165, D 0, big 0, known 0
elapsed: 5:38:43.957135

date; python -um modular.solutions_modular find_uvD_pts 968 968 1 20_000 1_000_000; date
hits: u 365, D 0, big 0, known 0
elapsed: 12:21:53.277880

date; python -um modular.solutions_modular find_uvD_pts 972 972 1 20_000 1_000_000; 
hits: u 228, D 0, big 0, known 0
elapsed: 10:06:18.314737

9/20/2026W
date; python -um modular.solutions_modular find_uvD_pts 976 976 1 20_000 1_000_000; date
hits: u 378, D 0, big 0, known 0
elapsed: 12:25:30.878083

date; python -um modular.solutions_modular find_uvD_pts 980 980 1 20_000 1_000_000; date
hits: u 457, D 0, big 0, known 0
elapsed: 21:52:33.460600

date; python -um modular.solutions_modular find_uvD_pts 984 984 1 20_000 1_000_000; date
hits: u 398, D 0, big 0, known 0
elapsed: 15:47:32.726774

date; python -um modular.solutions_modular find_uvD_pts 988 988 1 20_000 1_000_000; date
hits: u 229, D 0, big 0, known 0
elapsed: 8:25:57.696620

date; python -um modular.solutions_modular find_uvD_pts 992 992 1 20_000 1_000_000; date
hits: u 356, D 0, big 0, known 0
elapsed: 11:09:51.644783

5/21/2026R
date; python -um modular.solutions_modular find_uvD_pts 960 960 1 20_000 1_000_000; date
hits: u 991, D 0, big 0, known 0
elapsed: 2 days, 5:01:16.021618

date; python -um modular.solutions_modular find_uvD_pts 996 996 1 20_000 1_000_000; date
hits: u 215, D 0, big 0, known 0
elapsed: 9:48:18.465074

5/22/2026F
date; python -um modular.solutions_modular find_uvD_pts 1000 1000 1 20_000 1_000_000; date
u 1000/47, v -9/20 -> D 495260031/441800, w -1041/320
	known #17: 1679142729
	known #1: 422481
hits: u 765, D 1, big 0, known 2
knowns 2: [1, 17]
elapsed: 1 day, 9:35:23.232501

DOING

TODO
date; python -um modular.solutions_modular find_uvD_pts  1 20_000 1_000_000; date
1004

----------
