This is a log of what ranges have been searched and results confirmed and found.

12/29/2025
Code is just a skeleton now, so these results are experiments

TRY SOLUTION #0 11_975, 51_820
python -m search_413 search_ut 51_820 51_820 -v
t 51819 in u 51820 (state 20)
search_ut found solution None
Elapsed: 0.071279s

TRY SOLUTION #0 11_975, 51_820
python -m search_413 search_t 51_820 11_974 11_976 -v='OUTER|INNER|PROCESS'
Select inner generator for u 51820 state 20
t 11974 in u 51820 (state 20)
CALL FACTORIING: evens 2, factors {}
t 11975 in u 51820 (state 20) # EXPECT SOLUTION #0 HERE $$$$$$$$$$
CALL FACTORIING: evens 1, factors {5: 1}
t 11976 in u 51820 (state 20)
CALL FACTORIING: evens 4, factors {}
search_t found solution None
Elapsed: 0.000183s

TRY SOLUTION #1 335_305, 2_349_595
python -m search_413 search_t 2_349_595 335_300 335_309 -v='OUTER|INNER|PROCESS'
Select inner generator for u 2349595 state 20
t 335300 in u 2349595 (state 20)
CALL FACTORIING: evens 1, factors {5: 1}
t 335301 in u 2349595 (state 20)
CALL FACTORIING: evens 1, factors {}
t 335302 in u 2349595 (state 20)
CALL FACTORIING: evens 1, factors {}
t 335303 in u 2349595 (state 20)
CALL FACTORIING: evens 1, factors {}
t 335304 in u 2349595 (state 20)
CALL FACTORIING: evens 1, factors {}
t 335305 in u 2349595 (state 20)  # EXPECT SOLUTION #1 HERE $$$$$$$$$$
CALL FACTORIING: evens 1, factors {5: 1}
t 335306 in u 2349595 (state 20)
CALL FACTORIING: evens 1, factors {}
t 335307 in u 2349595 (state 20)
CALL FACTORIING: evens 1, factors {}
t 335308 in u 2349595 (state 20)
CALL FACTORIING: evens 1, factors {}
t 335309 in u 2349595 (state 20)
CALL FACTORIING: evens 1, factors {}
search_t found solution None
Elapsed: 0.000266s

TRY SOLUTION #2 4_364_815, 13_270_140
python -m search_413 search_t 13_270_140 4_364_814 4_364_816 -v='OUTER|INNER|PROCESS'
Select inner generator for u 13270140 state 15
t 4364814 in u 13270140 (state 15)
Reject common factor 3
t 4364815 in u 13270140 (state 15)  # EXPECT SOLUTION #2 HERE $$$$$$$$$$
Reject common factor 689  $$$$$$$$$ 689 = 13×53 (2 distinct prime factors)
t 4364816 in u 13270140 (state 15)
CALL FACTORIING: evens 4, factors {}
search_t found solution None
Elapsed: 0.000167s

TRY SOLUTION #3 23_333_500, 72_833_162
python -m search_413 search_t 13_270_140 4_364_814 4_364_816 -v='OUTER|INNER|PROCESS'
Select inner generator for u 13270140 state 15
Process t 4364814 in u 13270140 (state 15)
CALL FACTORIING: evens 2, factors {}, others {3: 1}
Process t 4364815 in u 13270140 (state 15)   # EXPECT SOLUTION #2 HERE $$$$$$$$$$
CALL FACTORIING: evens 1, factors {5: 1}, others {689: 1}
Process t 4364816 in u 13270140 (state 15)
CALL FACTORIING: evens 4, factors {}, others {}
search_t found solution None
Elapsed: 0.000279s

TRY SOLUTION #4 6_279_725, 79_083_995
python -m search_413 search_t 79_083_995 6_279_724 6_279_726 -v='OUTER|INNER|PROCESS'
> /Users/rogerfrye/Documents/Git/Euler_413/code/search_413.py(211)main()
-> u = eval(args.u)
(Pdb) c
Select inner generator for u 79083995 state 20
Process t 6279724 in u 79083995 (state 20)
CALL FACTORIING: evens 1, factors {}
Process t 6279725 in u 79083995 (state 20)  # EXPECT SOLUTION #4 HERE $$$$$$$$$$
CALL FACTORIING: evens 1, factors {5: 1}
Process t 6279726 in u 79083995 (state 20)
CALL FACTORIING: evens 1, factors {}
search_t found solution None
Elapsed: 0.000171s

1/10/2026Sa
The code now runs all the way through search, factoring, partitioning, and solving.

python -m search_413 search_t 51820 11970 11979 -v='FACTOR|F_P_1|F_GCD|F_COMMON|F_RHO|F_PLUS1|SOLVE|PROCESS'
...
AssertionError: Found solution (t, u, v, w): (11975, 51820,102481, 320000)

1/11/2026Su
python -m search_413 search_p_ut 2 6000 -v='OUTER'
Elapsed: 89.794454s

python -m search_413 search_p_ut 6001 10_000 -v='OUTER'
Elapsed: 219.690742s

python -m search_413 search_p_ut 10_001 20_000 -v='OUTER'
Elapsed: 1289.239998s

python -m search_413 search_p_ut 20_001 40_000 -v='OUTER'
Elapsed: 12451.059217s Was in pdb, so slow. Reran on 1/15/2026

1/12/2026M
python -m search_413 search_p_ut 40_001 50_000 -v='OUTER'
Elapsed: 5878.946322s

python -m search_413 search_p_ut 50_001 51_819 -v='OUTER'
Elapsed: 1270.406283s

python -m search_413 search_p_ut 51_820 51_820 -v='OUTER'
AssertionError: Found solution (t, u, v, w): (11975, 51820,102481, 320000)
Have reached solution #0.

Clean up in u=51_820 on either side of solution.
python -m search_413 search_t 51_820 1 11_974 -v='OUTER'
Elapsed: 2.969119s

python -m search_413 search_t 51_820 11_976 51_819 -v='OUTER'
Select inner generator for u 51820 state 20
Elapsed: 9.876698s

Continue the search
python -m search_413 search_p_ut 51_821 70_000 -v='OUTER'
Elapsed: 15943.272157s

python -m search_413 search_p_ut 70_001 150_000 -v='OUTER'
Interrupted after u=95_150 completed. Rerun 1/15/2025

1/15/2026
Rerun of section run on 1/11/2026
python -m search_413 search_p_ut 20_001 40_000 -v='OUTER|F_DIAG'
Worker 7: count 26888200:
factors 2.49671, others 0.0493329, avg time 0.000269
common 7.17e-07 (0.27%), p-1 0.000113 (42.07%), gcd 6.16e-05 (22.93%), rho 9.34e-05 (34.74%)
...Worker 2: count 26884200:
factors 2.97965, others 0.0656387, avg time 0.000319
common 5.31e-07 (0.17%), p-1 0.000129 (40.56%), gcd 6.84e-05 (21.45%), rho 0.000121 (37.82%)
Elapsed: 8987.114177s

Rerun 70_001 90_000
python -m search_413 search_p_ut 70_001 90_000 -v='OUTER|F_DIAG'
...Worker 4: count 71673000:
factors 2.9827, others 0 .10722, avg time 0.000436
common 5.77e-07 (0.13%), p-1 0.000173 (39.75%), gcd 4.88e-05 (11.20%), rho 0.000213 (48.92%)
Elapsed: 32483.110118s ~9hrs

1/17/2026Sa
python -m search_413 search_p_ut 90_001 105_000 -v='OUTER|F_DIAG'
...Worker 6: count 65518350:
factors 2.98061, others 0.116603, avg time 0.000449
common 6.07e-07 (0.14%), p-1 0.000173 (38.52%), gcd 4.92e-05 (10.96%), rho 0.000226 (50.39%)
Elapsed: 30589.177334s

1/18/2026Su
python -m search_413 search_p_ut 105_001 110_000 -v='OUTER|F_DIAG'
Worker 2: count 24081050:
factors 2.98014, others 0.121147, avg time 0.000448
common 5.29e-07 (0.12%), p-1 0.000171 (38.21%), gcd 5.38e-05 (12.00%), rho 0.000223 (49.67%)
Elapsed: 11215.569338s

python -m search_413 search_p_ut 110_001 115_000 -v='OUTER|F_DIAG'; date
Worker 4: count 25198250:
factors 2.99889, others 0.113661, avg time 0.000524
common 5.1e-07 (0.10%), p-1 0.000171 (32.71%), gcd 0.000157 (29.90%), rho 0.000195 (37.30%)
Elapsed: 13625.176736s

1/19/2026M
python -m search_413 search_p_ut 115_000 130_000 -v='OUTER|F_DIAG'; date
Worker 3: count 82323150:
factors 2.99772, others 0.117754, avg time 0.000567
common 5.13e-07 (0.09%), p-1 0.000173 (30.50%), gcd 0.000172 (30.33%), rho 0.000222 (39.08%)

python -m search_413 search_p_ut 130_001 140_000 -v='OUTER|F_DIAG'; date
Worker 4: count 60_476_500:
factors 2.97469, others 0.133386, avg time 0.000371
common 4.88e-07 (0.13%), p-1 0.000177 (47.56%), gcd 0.000192 (51.77%), rho 2e-06 (0.54%)
Elapsed: 23545.752833s

1/20/2026T
python -m search_413 search_p_ut 140_001 180_000 -v='OUTER|F_DIAG'; date
Worker 0: count 286718800:
factors 2.97058, others 0.142232, avg time 0.000176
common 7.16e-07 (0.41%), p-1 8.62e-05 (49.12%), gcd 8.67e-05 (49.37%), rho 1.94e-06 (1.11%)
Elapsed: 58882.040354s > 16hr

1/21/2026W
python -m search_413 search_p_ut 180_001 210_000 -v='OUTER|F_DIAG'; date
Worker 6: count 262_076_700:
p1_frags 2.14354, factors 3.01713, others 0.126899, avg time 0.000189
common 6.77e-07 (0.36%), p-1 0.000123 (65.28%), gcd 6.42e-05 (33.97%), rho 7.49e-07 (0.40%)
Elapsed: 57946.431435s ~16hr

python -m search_413 search_p_ut 210_001 220_000 -v='OUTER|F_DIAG'; date
Worker 0: count 96_319_700:
p1_frags 2.14236, factors 3.01603, others 0.131414, avg time 0.000189
common 6.43e-07 (0.34%), p-1 0.000122 (64.33%), gcd 6.6e-05 (34.94%), rho 7.43e-07 (0.39%)
Elapsed: 21221.136271s ~6hr

python -m search_413 search_p_ut 220_001 230_000 -v='OUTER|F_DIAG'; date
Worker 4: count 100_796_500:
p1_frags 2.14166, factors 3.01502, others 0.133591, avg time 0.000193
common 6.73e-07 (0.35%), p-1 0.000124 (64.04%), gcd 6.81e-05 (35.21%), rho 7.8e-07 (0.40%)
Elapsed: 22740.578695s ~6hrs

1/22/2026R
python -m search_413 search_p_ut 230_001 240_000 -v='OUTER|F_DIAG'; date
Worker 6: count 105_278_900:
p1_frags 2.14108, factors 3.01416, others 0.135679, avg time 0.000192
common 5.89e-07 (0.31%), p-1 0.000124 (64.46%), gcd 6.7e-05 (34.87%), rho 7.08e-07 (0.37%)
Elapsed: 23422.589309s ~6hr

python -m search_413 search_p_ut 240_001 255_000 -v='OUTER|F_DIAG'; date
Worker 2: count 166_323_150:
p1_frags 2.14036, factors 3.01333, others 0.138141, avg time 0.000194
common 5.98e-07 (0.31%), p-1 0.000124 (63.98%), gcd 6.84e-05 (35.33%), rho 7.39e-07 (0.38%)
Elapsed: 37306.591292s ~10.5hr

python -m search_413 search_p_ut 255_001 260_000 -v='OUTER|F_DIAG'; date
Worker 2: count 57_681_050:
p1_frags 2.13986, factors 3.0127, others 0.139958, avg time 0.000197
common 6.66e-07 (0.34%), p-1 0.000124 (63.20%), gcd 7.09e-05 (36.05%), rho 7.96e-07 (0.40%)
Elapsed: 13205.146822s ~3.5hr

1/23/2026F
python -m search_413 search_p_ut 260_001 270_000 -v='OUTER|F_DIAG'; date
Worker 0: count 118_719_700:
p1_frags 2.13932, factors 3.01171, others 0.14141, avg time 0.000197
common 5.14e-07 (0.26%), p-1 0.000126 (63.99%), gcd 6.98e-05 (35.38%), rho 7.24e-07 (0.37%)
Elapsed: 27075. ~7.5hr

1/24/2026Sa
python -m search_413 search_p_ut 270_001 280_000 -v='OUTER|F_DIAG'; date
Worker 6: count 123_198_900:
p1_frags 2.13889, factors 3.01154, others 0.143149, avg time 0.0002
common 5.13e-07 (0.26%), p-1 0.000128 (63.81%), gcd 7.11e-05 (35.56%), rho 7.53e-07 (0.38%)
Elapsed: 28438.219603s ~8hr

1/25/2026Su
python -m search_413 search_p_ut 280_001 290_000 -v='OUTER|F_DIAG'; date
Worker 2: count 127_682_100:
p1_frags 2.13833, factors 3.01063, others 0.14496, avg time 0.0002
common 4.95e-07 (0.25%), p-1 0.000127 (63.76%), gcd 7.11e-05 (35.63%), rho 7.25e-07 (0.36%)
Elapsed: 29353.306365s ~8hr

python -m search_413 search_p_ut 290_000 300_000 -v='OUTER|F_DIAG'; date
Worker 3: count 132_162_100:
p1_frags 2.13779, factors 3.00968, others 0.146611, avg time 0.000201
common 5e-07 (0.25%), p-1 0.000128 (63.47%), gcd 7.23e-05 (35.91%), rho 7.48e-07 (0.37%)
Elapsed: 30677.304907s ~8.5hr

python -m search_413 search_p_ut 300_001 310_000 -v='OUTER|F_DIAG'; date
Worker 2: count 136_642_100:
p1_frags 2.13715, factors 3.00887, others 0.148297, avg time 0.000203
common 5.01e-07 (0.25%), p-1 0.000128 (63.29%), gcd 7.31e-05 (36.09%), rho 7.66e-07 (0.38%)
Elapsed: 31869.592820s ~9hr

1/26/2026M
python -m search_413 search_p_ut 310_001 315_000 -v='OUTER|F_DIAG'; date
Worker 4: count 69_998_250:
p1_frags 2.13671, factors 3.00827, others 0.149296, avg time 0.000209
common 5.37e-07 (0.26%), p-1 0.000133 (63.50%), gcd 7.49e-05 (35.86%), rho 8.11e-07 (0.39%)
Elapsed: 16856.595479s ~4.5hr

python -m search_413 search_p_ut 315_001 320_000 -v='OUTER|F_DIAG'; date
Worker 2: count 71_121_050:
p1_frags 2.13691, factors 3.00865, others 0.150132, avg time 0.000207
common 5.18e-07 (0.25%), p-1 0.000131 (63.20%), gcd 7.47e-05 (36.16%), rho 7.9e-07 (0.38%)
Elapsed: 16914.663111s ~6.5hr

1/27/2026T
python -m search_413 search_p_ut 320_001 340_000 -v='OUTER|F_DIAG'; date
Worker 4: count 295_673_000:
p1_frags 2.13623, factors 3.0076, others 0.152054, avg time 0.00021
common 5.14e-07 (0.25%), p-1 0.000132 (63.12%), gcd 7.6e-05 (36.25%), rho 7.97e-07 (0.38%)
Elapsed: 71260.561878s ~20hr

python -m search_413 search_p_ut 340_001 360_000 -v='OUTER|F_DIAG'; date
AssertionError: Found solution (t, u, v, w): (173_800, 345_953, 1_069_568, 1_743_433)
Tue Jan 27 23:16:45 MST 2026
This is M28130_7=dict(info='MacLeod (1997)'

Clean up around solution:
python -m solving solve_tu 173_800 345_953 -av=ALL
Found [1069568, 1743433] (and no others)
python -m search_413 search_p_ut 340_001 345_952 -v='OUTER|F_DIAG'; date
Elapsed: 22109.299900s
python -m search_413 search_t 345_953 1 173_800 -v='OUTER|F_DIAG'; date
AssertionError: Found solution (t, u, v, w): (173_800, 345_953, 1_069_568, 1_743_433)
python -m search_413 search_t 345_953 173_801 345_952 -v='OUTER|F_DIAG'; date
Elapsed: 9.703609s
Round out to even 1_000
python -m search_413 search_p_ut 345_954 346_000 -v='OUTER|F_DIAG'; date
Elapsed: 232.342982s
ython -m search_413 search_p_ut 346_001 350_000 -v='OUTER|F_DIAG'; date
Worker 6: count 62_361_160:
p1_frags 2.13549, factors 3.0064, others 0.154747, avg time 0.00021
common 5.48e-07 (0.26%), p-1 0.00013 (61.77%), gcd 7.88e-05 (37.55%), rho 8.65e-07 (0.41%)
Elapsed: 15110.940236s ~4hr

1/29/2026R
python -m search_413 search_p_ut 350_001 370_000 -v='OUTER|F_DIAG'; date
Worker 4: count 322_553_000:
p1_frags 2.13499, factors 3.00576, others 0.156376, avg time 0.000207
common 5.09e-07 (0.25%), p-1 0.000128 (61.91%), gcd 7.76e-05 (37.46%), rho 8.01e-07 (0.39%)
Elapsed: 76852.080744s ~21.5hr

python -m search_413 search_p_ut 370_001 375_000 -v='OUTER|F_DIAG'; date
Worker 0: count 83_054_395:
p1_frags 2.13734, factors 2.84155, others 0.148637, avg time 0.0002
common 6.27e-07 (0.31%), p-1 0.000124 (62.09%), gcd 7.42e-05 (37.20%), rho 7.81e-07 (0.39%)
Elapsed: 19120.071120s ~7.5hr

1/30/2026F
python -m search_413 search_p_ut 375_001 390_000 -v='OUTER|F_DIAG'; date
Worker 2: count 258_878_412:
p1_frags 2.13661, factors 2.84122, others 0.150041, avg time 0.000199
common 6.24e-07 (0.31%), p-1 0.000122 (61.54%), gcd 7.5e-05 (37.75%), rho 7.95e-07 (0.40%)
Elapsed: 59399.638008s ~16.5hr

python -m search_413 search_p_ut 390_001 395_000 -v='OUTER|F_DIAG'; date
Worker 6: count 89_214_549:
p1_frags 2.1364, factors 2.83908, others 0.151039, avg time 0.000199
common 6.16e-07 (0.31%), p-1 0.000122 (61.28%), gcd 7.55e-05 (38.01%), rho 7.95e-07 (0.40%)
Elapsed: 20428.831181s ~6hr

python -m search_413 search_p_ut 395_001 410_000 -v='OUTER|F_DIAG'; date
Worker 5: count 270_276_120:
p1_frags 2.13588, factors 2.83904, others 0.152519, avg time 0.000202
common 6.18e-07 (0.31%), p-1 0.000124 (61.39%), gcd 7.64e-05 (37.90%), rho 8.12e-07 (0.40%)
Elapsed: 62773.247173s ~17.5hr

2/1/2026Su
python -m search_413 search_p_ut 410_001 425_000 -v='OUTER|F_DIAG'; date
Worker 4: count 284_946_737:
p1_frags 2.13552, factors 2.83809, others 0.15409, avg time 0.0002
common 5.91e-07 (0.30%), p-1 0.000122 (60.96%), gcd 7.67e-05 (38.35%), rho 7.92e-07 (0.40%)
Elapsed: 65585.726323s 1~3.5hr

2/2/2026M
python -m search_413 search_p_ut 425_001 440_000 -v='OUTER|F_DIAG'; date
Worker 0: count 293_983_277:
p1_frags 2.13504, factors 2.83741, others 0.155668, avg time 0.000205
common 6.04e-07 (0.29%), p-1 0.000126 (61.47%), gcd 7.76e-05 (37.84%), rho 8.09e-07 (0.39%)
Elapsed: 69204.304175s ~19hr

2/3/2026T
python -m search_413 search_p_ut 440_001 455_000 -v='OUTER|F_DIAG'; date
Worker 1: count 299_698_376:
p1_frags 2.13434, factors 2.83719, others 0.157454, avg time 0.000211
common 6.28e-07 (0.30%), p-1 0.000131 (61.81%), gcd 7.92e-05 (37.49%), rho 8.47e-07 (0.40%)
Elapsed: 72713.407971s ~20hr

python -m search_413 search_p_ut 455_001 465_000 -v='OUTER|F_DIAG'; date
Worker 3: count 210_552_230:
p1_frags 2.13438, factors 2.83742, others 0.158755, avg time 0.000206
common 6.14e-07 (0.30%), p-1 0.000125 (60.66%), gcd 7.95e-05 (38.63%), rho 8.39e-07 (0.41%)
Elapsed: 49820.297761s ~ 14hr

DOING
9:20a
python -m search_413 search_p_ut 465_001 475_000 -v='OUTER|F_DIAG'; date


TODO
Next known solution: u=878_575 .
B16430_8=dict(info='Bernstein (2001)',
	abcd=(3_642_840, 7_028_600, 16_281_009, 16_430_513),
	tuvw=(455_355, 878_575, 74_752, 16_355_761),
	v_evens=2**10, v_primes={73: 1},
	w_evens=2**0, w_primes={41: 1, 398_921: 1},
	common={5: 1},
	factors={2: 1, 398_921: 1, 30_039_049: 1, 41: 1, 73: 1, 14_249: 1},
	others={},
),
